;  LST file generated by mikroListExporter - v.2.0 
; Date/Time: 1/29/2017 12:57:53 AM
;----------------------------------------------

;Address Opcode 	ASM
0x0000	0x2B5F      	GOTO       863
_Interrupt:
0x0004	0x00DF      	MOVWF      R15
0x0005	0x0E03      	SWAPF      STATUS, 0
0x0006	0x0183      	CLRF       STATUS
0x0007	0x00BA      	MOVWF      ___saveSTATUS
0x0008	0x080A      	MOVF       PCLATH, 0
0x0009	0x00B9      	MOVWF      ___savePCLATH
0x000A	0x018A      	CLRF       PCLATH
0x000B	0x0850      	MOVF       R0, 0
0x000C	0x00A1      	MOVWF      33
;MyProject.c,73 :: 		void Interrupt(){           //Interrupt Time : 100 us
;MyProject.c,75 :: 		if (TMR0IF_bit){
0x000D	0x1D0B      	BTFSS      TMR0IF_bit, BitPos(TMR0IF_bit+0)
0x000E	0x2841      	GOTO       L_Interrupt0
;MyProject.c,76 :: 		TMR0IF_bit	 = 0;
0x000F	0x1283      	BCF        STATUS, 5
0x0010	0x110B      	BCF        TMR0IF_bit, BitPos(TMR0IF_bit+0)
;MyProject.c,77 :: 		TMR0		 = 156;
0x0011	0x309C      	MOVLW      156
0x0012	0x0081      	MOVWF      TMR0
;MyProject.c,78 :: 		kl=kl+1;
0x0013	0x0AB0      	INCF       MyProject_kl, 1
0x0014	0x1903      	BTFSC      STATUS, 2
0x0015	0x0AB1      	INCF       MyProject_kl+1, 1
;MyProject.c,80 :: 		if(kl<k2)
0x0016	0x3080      	MOVLW      128
0x0017	0x0631      	XORWF      MyProject_kl+1, 0
0x0018	0x00D0      	MOVWF      R0
0x0019	0x3080      	MOVLW      128
0x001A	0x0633      	XORWF      _k2+1, 0
0x001B	0x0250      	SUBWF      R0, 0
0x001C	0x1D03      	BTFSS      STATUS, 2
0x001D	0x2820      	GOTO       L__Interrupt16
0x001E	0x0832      	MOVF       _k2, 0
0x001F	0x0230      	SUBWF      MyProject_kl, 0
L__Interrupt16:
0x0020	0x1803      	BTFSC      STATUS, 0
0x0021	0x2824      	GOTO       L_Interrupt1
;MyProject.c,82 :: 		PORTA |= 1 << 5;               //setting a bit
0x0022	0x1685      	BSF        PORTA, 5
;MyProject.c,83 :: 		}
0x0023	0x2841      	GOTO       L_Interrupt2
L_Interrupt1:
;MyProject.c,84 :: 		else if((kl>=k2) && (kl< 1023))
0x0024	0x3080      	MOVLW      128
0x0025	0x0631      	XORWF      MyProject_kl+1, 0
0x0026	0x00D0      	MOVWF      R0
0x0027	0x3080      	MOVLW      128
0x0028	0x0633      	XORWF      _k2+1, 0
0x0029	0x0250      	SUBWF      R0, 0
0x002A	0x1D03      	BTFSS      STATUS, 2
0x002B	0x282E      	GOTO       L__Interrupt17
0x002C	0x0832      	MOVF       _k2, 0
0x002D	0x0230      	SUBWF      MyProject_kl, 0
L__Interrupt17:
0x002E	0x1C03      	BTFSS      STATUS, 0
0x002F	0x283F      	GOTO       L_Interrupt5
0x0030	0x3080      	MOVLW      128
0x0031	0x0631      	XORWF      MyProject_kl+1, 0
0x0032	0x00D0      	MOVWF      R0
0x0033	0x3080      	MOVLW      128
0x0034	0x3A03      	XORLW      3
0x0035	0x0250      	SUBWF      R0, 0
0x0036	0x1D03      	BTFSS      STATUS, 2
0x0037	0x283A      	GOTO       L__Interrupt18
0x0038	0x30FF      	MOVLW      255
0x0039	0x0230      	SUBWF      MyProject_kl, 0
L__Interrupt18:
0x003A	0x1803      	BTFSC      STATUS, 0
0x003B	0x283F      	GOTO       L_Interrupt5
L__Interrupt9:
0x003C	0x1283      	BCF        STATUS, 5
;MyProject.c,86 :: 		PORTA &= ~(1 << 5);                 //reseeting
0x003D	0x1285      	BCF        PORTA, 5
;MyProject.c,87 :: 		}
0x003E	0x2841      	GOTO       L_Interrupt6
L_Interrupt5:
;MyProject.c,90 :: 		kl=0;
0x003F	0x01B0      	CLRF       MyProject_kl
0x0040	0x01B1      	CLRF       MyProject_kl+1
;MyProject.c,91 :: 		}
L_Interrupt6:
L_Interrupt2:
;MyProject.c,94 :: 		}
L_Interrupt0:
;MyProject.c,95 :: 		}
L_end_Interrupt:
L__Interrupt15:
0x0041	0x0821      	MOVF       33, 0
0x0042	0x00D0      	MOVWF      R0
0x0043	0x0839      	MOVF       ___savePCLATH, 0
0x0044	0x008A      	MOVWF      PCLATH
0x0045	0x0E3A      	SWAPF      ___saveSTATUS, 0
0x0046	0x0083      	MOVWF      STATUS
0x0047	0x0EDF      	SWAPF      R15, 1
0x0048	0x0E5F      	SWAPF      R15, 0
0x0049	0x0009      	RETFIE
; end of _Interrupt
_IntToStr:
;__Lib_Conversions.c,146 :: 		
;__Lib_Conversions.c,152 :: 		
0x004A	0x1283      	BCF        STATUS, 5
0x004B	0x01C0      	CLRF       IntToStr_negative_L0
0x004C	0x01C1      	CLRF       IntToStr_negative_L0+1
;__Lib_Conversions.c,153 :: 		
0x004D	0x083B      	MOVF       FARG_IntToStr_input, 0
0x004E	0x00C2      	MOVWF      IntToStr_inword_L0
0x004F	0x083C      	MOVF       FARG_IntToStr_input+1, 0
0x0050	0x00C3      	MOVWF      IntToStr_inword_L0+1
;__Lib_Conversions.c,154 :: 		
0x0051	0x3080      	MOVLW      128
0x0052	0x063C      	XORWF      FARG_IntToStr_input+1, 0
0x0053	0x00D0      	MOVWF      R0
0x0054	0x3080      	MOVLW      128
0x0055	0x0250      	SUBWF      R0, 0
0x0056	0x1D03      	BTFSS      STATUS, 2
0x0057	0x285A      	GOTO       L__IntToStr115
0x0058	0x3000      	MOVLW      0
0x0059	0x023B      	SUBWF      FARG_IntToStr_input, 0
L__IntToStr115:
0x005A	0x1803      	BTFSC      STATUS, 0
0x005B	0x2868      	GOTO       L_IntToStr23
;__Lib_Conversions.c,155 :: 		
0x005C	0x3001      	MOVLW      1
0x005D	0x00C0      	MOVWF      IntToStr_negative_L0
0x005E	0x3000      	MOVLW      0
0x005F	0x00C1      	MOVWF      IntToStr_negative_L0+1
;__Lib_Conversions.c,156 :: 		
0x0060	0x083B      	MOVF       FARG_IntToStr_input, 0
0x0061	0x3C00      	SUBLW      0
0x0062	0x00C2      	MOVWF      IntToStr_inword_L0
0x0063	0x083C      	MOVF       FARG_IntToStr_input+1, 0
0x0064	0x1C03      	BTFSS      STATUS, 0
0x0065	0x3E01      	ADDLW      1
0x0066	0x01C3      	CLRF       IntToStr_inword_L0+1
0x0067	0x02C3      	SUBWF      IntToStr_inword_L0+1, 1
;__Lib_Conversions.c,157 :: 		
L_IntToStr23:
;__Lib_Conversions.c,158 :: 		
0x0068	0x0842      	MOVF       IntToStr_inword_L0, 0
0x0069	0x00C4      	MOVWF      FARG_WordToStr_input
0x006A	0x0843      	MOVF       IntToStr_inword_L0+1, 0
0x006B	0x00C5      	MOVWF      FARG_WordToStr_input+1
0x006C	0x083D      	MOVF       FARG_IntToStr_output, 0
0x006D	0x00C6      	MOVWF      FARG_WordToStr_output
0x006E	0x2256      	CALL       _WordToStr
;__Lib_Conversions.c,160 :: 		
0x006F	0x3006      	MOVLW      6
0x0070	0x00BE      	MOVWF      IntToStr_i_L0
0x0071	0x3000      	MOVLW      0
0x0072	0x00BF      	MOVWF      IntToStr_i_L0+1
;__Lib_Conversions.c,161 :: 		
L_IntToStr24:
0x0073	0x083F      	MOVF       IntToStr_i_L0+1, 0
0x0074	0x3C00      	SUBLW      0
0x0075	0x1D03      	BTFSS      STATUS, 2
0x0076	0x2879      	GOTO       L__IntToStr116
0x0077	0x083E      	MOVF       IntToStr_i_L0, 0
0x0078	0x3C00      	SUBLW      0
L__IntToStr116:
0x0079	0x1803      	BTFSC      STATUS, 0
0x007A	0x2894      	GOTO       L_IntToStr25
;__Lib_Conversions.c,162 :: 		
0x007B	0x083E      	MOVF       IntToStr_i_L0, 0
0x007C	0x073D      	ADDWF      FARG_IntToStr_output, 0
0x007D	0x00D2      	MOVWF      R2
0x007E	0x3001      	MOVLW      1
0x007F	0x023E      	SUBWF      IntToStr_i_L0, 0
0x0080	0x00D0      	MOVWF      R0
0x0081	0x3000      	MOVLW      0
0x0082	0x1C03      	BTFSS      STATUS, 0
0x0083	0x3E01      	ADDLW      1
0x0084	0x023F      	SUBWF      IntToStr_i_L0+1, 0
0x0085	0x00D1      	MOVWF      R0+1
0x0086	0x0850      	MOVF       R0, 0
0x0087	0x073D      	ADDWF      FARG_IntToStr_output, 0
0x0088	0x0084      	MOVWF      FSR
0x0089	0x0800      	MOVF       INDF, 0
0x008A	0x00D0      	MOVWF      R0
0x008B	0x0852      	MOVF       R2, 0
0x008C	0x0084      	MOVWF      FSR
0x008D	0x0850      	MOVF       R0, 0
0x008E	0x0080      	MOVWF      INDF
;__Lib_Conversions.c,163 :: 		
0x008F	0x3001      	MOVLW      1
0x0090	0x02BE      	SUBWF      IntToStr_i_L0, 1
0x0091	0x1C03      	BTFSS      STATUS, 0
0x0092	0x03BF      	DECF       IntToStr_i_L0+1, 1
;__Lib_Conversions.c,164 :: 		
0x0093	0x2873      	GOTO       L_IntToStr24
L_IntToStr25:
;__Lib_Conversions.c,165 :: 		
0x0094	0x083D      	MOVF       FARG_IntToStr_output, 0
0x0095	0x0084      	MOVWF      FSR
0x0096	0x3020      	MOVLW      32
0x0097	0x0080      	MOVWF      INDF
;__Lib_Conversions.c,166 :: 		
0x0098	0x0840      	MOVF       IntToStr_negative_L0, 0
0x0099	0x0441      	IORWF      IntToStr_negative_L0+1, 0
0x009A	0x1903      	BTFSC      STATUS, 2
0x009B	0x28B2      	GOTO       L_IntToStr26
;__Lib_Conversions.c,167 :: 		
0x009C	0x01BE      	CLRF       IntToStr_i_L0
0x009D	0x01BF      	CLRF       IntToStr_i_L0+1
;__Lib_Conversions.c,168 :: 		
L_IntToStr27:
0x009E	0x083E      	MOVF       IntToStr_i_L0, 0
0x009F	0x073D      	ADDWF      FARG_IntToStr_output, 0
0x00A0	0x0084      	MOVWF      FSR
0x00A1	0x0800      	MOVF       INDF, 0
0x00A2	0x3A20      	XORLW      32
0x00A3	0x1D03      	BTFSS      STATUS, 2
0x00A4	0x28A9      	GOTO       L_IntToStr28
0x00A5	0x0ABE      	INCF       IntToStr_i_L0, 1
0x00A6	0x1903      	BTFSC      STATUS, 2
0x00A7	0x0ABF      	INCF       IntToStr_i_L0+1, 1
0x00A8	0x289E      	GOTO       L_IntToStr27
L_IntToStr28:
;__Lib_Conversions.c,169 :: 		
0x00A9	0x3001      	MOVLW      1
0x00AA	0x02BE      	SUBWF      IntToStr_i_L0, 1
0x00AB	0x1C03      	BTFSS      STATUS, 0
0x00AC	0x03BF      	DECF       IntToStr_i_L0+1, 1
;__Lib_Conversions.c,170 :: 		
0x00AD	0x083E      	MOVF       IntToStr_i_L0, 0
0x00AE	0x073D      	ADDWF      FARG_IntToStr_output, 0
0x00AF	0x0084      	MOVWF      FSR
0x00B0	0x302D      	MOVLW      45
0x00B1	0x0080      	MOVWF      INDF
L_IntToStr26:
;__Lib_Conversions.c,171 :: 		
L_end_IntToStr:
0x00B2	0x0008      	RETURN
; end of _IntToStr
_Mul_32x32_FP:
;__Lib_MathDouble.c,610 :: 		
;__Lib_MathDouble.c,622 :: 		
;__Lib_MathDouble.c,624 :: 		
0x00B3	0x1283      	BCF        STATUS, 5
;__Lib_MathDouble.c,625 :: 		
0x00B4	0x1303      	BCF        STATUS, 6
;__Lib_MathDouble.c,627 :: 		
0x00B5	0x01DB      	CLRF       R11
;__Lib_MathDouble.c,628 :: 		
0x00B6	0x0853      	MOVF       R3, 0
;__Lib_MathDouble.c,629 :: 		
0x00B7	0x1D03      	BTFSS      STATUS, 2
;__Lib_MathDouble.c,630 :: 		
0x00B8	0x0857      	MOVF       R7, 0
;__Lib_MathDouble.c,631 :: 		
0x00B9	0x1903      	BTFSC      STATUS, 2
;__Lib_MathDouble.c,632 :: 		
0x00BA	0x290A      	GOTO       JPMRES032
;__Lib_MathDouble.c,634 :: 		
0x00BB	0x0852      	MOVF       R2, 0
;__Lib_MathDouble.c,635 :: 		
0x00BC	0x0656      	XORWF      R6, 0
;__Lib_MathDouble.c,636 :: 		
0x00BD	0x00DA      	MOVWF      R10
;__Lib_MathDouble.c,637 :: 		
0x00BE	0x0857      	MOVF       R7, 0
;__Lib_MathDouble.c,638 :: 		
0x00BF	0x07D3      	ADDWF      R3, 1
;__Lib_MathDouble.c,639 :: 		
0x00C0	0x307E      	MOVLW      126
;__Lib_MathDouble.c,640 :: 		
0x00C1	0x1C03      	BTFSS      STATUS, 0
;__Lib_MathDouble.c,641 :: 		
0x00C2	0x28C7      	GOTO       MTUN32
;__Lib_MathDouble.c,642 :: 		
0x00C3	0x02D3      	SUBWF      R3, 1
;__Lib_MathDouble.c,643 :: 		
0x00C4	0x1803      	BTFSC      STATUS, 0
;__Lib_MathDouble.c,644 :: 		
0x00C5	0x290D      	GOTO       JPMSETFOV32
;__Lib_MathDouble.c,645 :: 		
0x00C6	0x28CA      	GOTO       MOK32
;__Lib_MathDouble.c,646 :: 		
MTUN32:
;__Lib_MathDouble.c,647 :: 		
0x00C7	0x02D3      	SUBWF      R3, 1
;__Lib_MathDouble.c,648 :: 		
0x00C8	0x1C03      	BTFSS      STATUS, 0
;__Lib_MathDouble.c,649 :: 		
0x00C9	0x2910      	GOTO       JPMSETFUN32
;__Lib_MathDouble.c,650 :: 		
MOK32:
;__Lib_MathDouble.c,651 :: 		
0x00CA	0x0852      	MOVF       R2, 0
;__Lib_MathDouble.c,652 :: 		
0x00CB	0x00D8      	MOVWF      R8
;__Lib_MathDouble.c,653 :: 		
0x00CC	0x0851      	MOVF       R1, 0
;__Lib_MathDouble.c,654 :: 		
0x00CD	0x00DC      	MOVWF      R12
;__Lib_MathDouble.c,655 :: 		
0x00CE	0x0850      	MOVF       R0, 0
;__Lib_MathDouble.c,656 :: 		
0x00CF	0x00DD      	MOVWF      R13
;__Lib_MathDouble.c,657 :: 		
0x00D0	0x17D8      	BSF        R8, 7
;__Lib_MathDouble.c,658 :: 		
0x00D1	0x17D6      	BSF        R6, 7
;__Lib_MathDouble.c,659 :: 		
0x00D2	0x1003      	BCF        STATUS, 0
;__Lib_MathDouble.c,660 :: 		
0x00D3	0x01D2      	CLRF       R2
;__Lib_MathDouble.c,661 :: 		
0x00D4	0x01D1      	CLRF       R1
;__Lib_MathDouble.c,662 :: 		
0x00D5	0x01D0      	CLRF       R0
;__Lib_MathDouble.c,663 :: 		
0x00D6	0x3018      	MOVLW      24
;__Lib_MathDouble.c,664 :: 		
0x00D7	0x00A0      	MOVWF      __math_tempbD
;__Lib_MathDouble.c,665 :: 		
MLOOP32:
;__Lib_MathDouble.c,666 :: 		
0x00D8	0x1C5D      	BTFSS      R13, 0
;__Lib_MathDouble.c,667 :: 		
0x00D9	0x28E4      	GOTO       MNOADD32
;__Lib_MathDouble.c,669 :: 		
0x00DA	0x0854      	MOVF       R4, 0
;__Lib_MathDouble.c,670 :: 		
0x00DB	0x07D0      	ADDWF      R0, 1
;__Lib_MathDouble.c,671 :: 		
0x00DC	0x0855      	MOVF       R5, 0
;__Lib_MathDouble.c,672 :: 		
0x00DD	0x1803      	BTFSC      STATUS, 0
;__Lib_MathDouble.c,673 :: 		
0x00DE	0x0F55      	INCFSZ     R5, 0
;__Lib_MathDouble.c,674 :: 		
0x00DF	0x07D1      	ADDWF      R1, 1
;__Lib_MathDouble.c,675 :: 		
0x00E0	0x0856      	MOVF       R6, 0
;__Lib_MathDouble.c,676 :: 		
0x00E1	0x1803      	BTFSC      STATUS, 0
;__Lib_MathDouble.c,677 :: 		
0x00E2	0x0F56      	INCFSZ     R6, 0
;__Lib_MathDouble.c,678 :: 		
0x00E3	0x07D2      	ADDWF      R2, 1
;__Lib_MathDouble.c,679 :: 		
MNOADD32:
;__Lib_MathDouble.c,680 :: 		
0x00E4	0x0CD2      	RRF        R2, 1
;__Lib_MathDouble.c,681 :: 		
0x00E5	0x0CD1      	RRF        R1, 1
;__Lib_MathDouble.c,682 :: 		
0x00E6	0x0CD0      	RRF        R0, 1
;__Lib_MathDouble.c,683 :: 		
0x00E7	0x0CD8      	RRF        R8, 1
;__Lib_MathDouble.c,684 :: 		
0x00E8	0x0CDC      	RRF        R12, 1
;__Lib_MathDouble.c,685 :: 		
0x00E9	0x0CDD      	RRF        R13, 1
;__Lib_MathDouble.c,686 :: 		
0x00EA	0x1003      	BCF        STATUS, 0
;__Lib_MathDouble.c,687 :: 		
0x00EB	0x0BA0      	DECFSZ     __math_tempbD, 1
;__Lib_MathDouble.c,688 :: 		
0x00EC	0x28D8      	GOTO       MLOOP32
;__Lib_MathDouble.c,689 :: 		
0x00ED	0x1BD2      	BTFSC      R2, 7
;__Lib_MathDouble.c,690 :: 		
0x00EE	0x28F4      	GOTO       MROUND32
;__Lib_MathDouble.c,691 :: 		
0x00EF	0x0DD8      	RLF        R8, 1
;__Lib_MathDouble.c,692 :: 		
0x00F0	0x0DD0      	RLF        R0, 1
;__Lib_MathDouble.c,693 :: 		
0x00F1	0x0DD1      	RLF        R1, 1
;__Lib_MathDouble.c,694 :: 		
0x00F2	0x0DD2      	RLF        R2, 1
;__Lib_MathDouble.c,695 :: 		
0x00F3	0x03D3      	DECF       R3, 1
;__Lib_MathDouble.c,696 :: 		
MROUND32:
;__Lib_MathDouble.c,697 :: 		
0x00F4	0x1B5B      	BTFSC      R11, 6
;__Lib_MathDouble.c,698 :: 		
0x00F5	0x1C50      	BTFSS      R0, 0
;__Lib_MathDouble.c,699 :: 		
0x00F6	0x2906      	GOTO       MUL32OK
;__Lib_MathDouble.c,700 :: 		
0x00F7	0x1FD8      	BTFSS      R8, 7
;__Lib_MathDouble.c,701 :: 		
0x00F8	0x2906      	GOTO       MUL32OK
;__Lib_MathDouble.c,702 :: 		
0x00F9	0x0AD0      	INCF       R0, 1
;__Lib_MathDouble.c,703 :: 		
0x00FA	0x1903      	BTFSC      STATUS, 2
;__Lib_MathDouble.c,704 :: 		
0x00FB	0x0AD1      	INCF       R1, 1
;__Lib_MathDouble.c,705 :: 		
0x00FC	0x1903      	BTFSC      STATUS, 2
;__Lib_MathDouble.c,706 :: 		
0x00FD	0x0AD2      	INCF       R2, 1
;__Lib_MathDouble.c,707 :: 		
0x00FE	0x1D03      	BTFSS      STATUS, 2
;__Lib_MathDouble.c,708 :: 		
0x00FF	0x2906      	GOTO       MUL32OK
;__Lib_MathDouble.c,709 :: 		
0x0100	0x0CD2      	RRF        R2, 1
;__Lib_MathDouble.c,710 :: 		
0x0101	0x0CD1      	RRF        R1, 1
;__Lib_MathDouble.c,711 :: 		
0x0102	0x0CD0      	RRF        R0, 1
;__Lib_MathDouble.c,712 :: 		
0x0103	0x0AD3      	INCF       R3, 1
;__Lib_MathDouble.c,713 :: 		
0x0104	0x1903      	BTFSC      STATUS, 2
;__Lib_MathDouble.c,714 :: 		
0x0105	0x290D      	GOTO       JPMSETFOV32
;__Lib_MathDouble.c,715 :: 		
MUL32OK:
;__Lib_MathDouble.c,716 :: 		
0x0106	0x1FDA      	BTFSS      R10, 7
;__Lib_MathDouble.c,717 :: 		
0x0107	0x13D2      	BCF        R2, 7
;__Lib_MathDouble.c,718 :: 		
0x0108	0x3000      	MOVLW      0
;__Lib_MathDouble.c,720 :: 		
0x0109	0x2912      	GOTO       MUL32EEE
;__Lib_MathDouble.c,721 :: 		
JPMRES032:
;__Lib_MathDouble.c,722 :: 		
0x010A	0x3001      	MOVLW      1
;__Lib_MathDouble.c,725 :: 		
0x010B	0x23D0      	CALL       _RES032
;__Lib_MathDouble.c,727 :: 		
0x010C	0x2912      	GOTO       MUL32EEE
;__Lib_MathDouble.c,728 :: 		
JPMSETFOV32:
;__Lib_MathDouble.c,729 :: 		
0x010D	0x3002      	MOVLW      2
;__Lib_MathDouble.c,732 :: 		
0x010E	0x2390      	CALL       _SETFOV32
;__Lib_MathDouble.c,734 :: 		
0x010F	0x2912      	GOTO       MUL32EEE
;__Lib_MathDouble.c,735 :: 		
JPMSETFUN32:
;__Lib_MathDouble.c,736 :: 		
0x0110	0x3004      	MOVLW      4
;__Lib_MathDouble.c,739 :: 		
0x0111	0x2384      	CALL       _SETFUN32
;__Lib_MathDouble.c,741 :: 		
MUL32EEE:
;__Lib_MathDouble.c,742 :: 		
0x0112	0x0000      	NOP
;__Lib_MathDouble.c,749 :: 		
L_end_Mul_32x32_FP:
0x0113	0x0008      	RETURN
; end of _Mul_32x32_FP
_double2int:
;__Lib_MathDouble.c,1391 :: 		
;__Lib_MathDouble.c,1399 :: 		
0x0114	0x1283      	BCF        STATUS, 5
;__Lib_MathDouble.c,1400 :: 		
0x0115	0x1303      	BCF        STATUS, 6
;__Lib_MathDouble.c,1402 :: 		
0x0116	0x01DB      	CLRF       R11
;__Lib_MathDouble.c,1403 :: 		
0x0117	0x0853      	MOVF       R3, 0
;__Lib_MathDouble.c,1404 :: 		
0x0118	0x1903      	BTFSC      STATUS, 2
;__Lib_MathDouble.c,1405 :: 		
0x0119	0x2951      	GOTO       IRES016
;__Lib_MathDouble.c,1407 :: 		
0x011A	0x0852      	MOVF       R2, 0
;__Lib_MathDouble.c,1408 :: 		
0x011B	0x00DA      	MOVWF      R10
;__Lib_MathDouble.c,1409 :: 		
0x011C	0x17D2      	BSF        R2, 7
;__Lib_MathDouble.c,1411 :: 		
0x011D	0x308E      	MOVLW      142
;__Lib_MathDouble.c,1412 :: 		
0x011E	0x02D3      	SUBWF      R3, 1
;__Lib_MathDouble.c,1413 :: 		
0x011F	0x1FD3      	BTFSS      R3, 7
;__Lib_MathDouble.c,1414 :: 		
0x0120	0x2954      	GOTO       SETIOV16
;__Lib_MathDouble.c,1415 :: 		
0x0121	0x09D3      	COMF       R3, 1
;__Lib_MathDouble.c,1416 :: 		
0x0122	0x0AD3      	INCF       R3, 1
;__Lib_MathDouble.c,1418 :: 		
0x0123	0x3008      	MOVLW      8
;__Lib_MathDouble.c,1419 :: 		
0x0124	0x0253      	SUBWF      R3, 0
;__Lib_MathDouble.c,1420 :: 		
0x0125	0x1C03      	BTFSS      STATUS, 0
;__Lib_MathDouble.c,1421 :: 		
0x0126	0x2937      	GOTO       TSHIFT3216
;__Lib_MathDouble.c,1422 :: 		
0x0127	0x00D3      	MOVWF      R3
;__Lib_MathDouble.c,1423 :: 		
0x0128	0x0DD1      	RLF        R1, 1
;__Lib_MathDouble.c,1424 :: 		
0x0129	0x0852      	MOVF       R2, 0
;__Lib_MathDouble.c,1425 :: 		
0x012A	0x00D1      	MOVWF      R1
;__Lib_MathDouble.c,1426 :: 		
0x012B	0x01D2      	CLRF       R2
;__Lib_MathDouble.c,1428 :: 		
0x012C	0x3008      	MOVLW      8
;__Lib_MathDouble.c,1429 :: 		
0x012D	0x0253      	SUBWF      R3, 0
;__Lib_MathDouble.c,1430 :: 		
0x012E	0x1C03      	BTFSS      STATUS, 0
;__Lib_MathDouble.c,1431 :: 		
0x012F	0x2937      	GOTO       TSHIFT3216
;__Lib_MathDouble.c,1432 :: 		
0x0130	0x00D3      	MOVWF      R3
;__Lib_MathDouble.c,1433 :: 		
0x0131	0x0DD1      	RLF        R1, 1
;__Lib_MathDouble.c,1434 :: 		
0x0132	0x01D1      	CLRF       R1
;__Lib_MathDouble.c,1436 :: 		
0x0133	0x0853      	MOVF       R3, 0
;__Lib_MathDouble.c,1437 :: 		
0x0134	0x1D03      	BTFSS      STATUS, 2
;__Lib_MathDouble.c,1438 :: 		
0x0135	0x1003      	BCF        STATUS, 0
;__Lib_MathDouble.c,1439 :: 		
0x0136	0x293F      	GOTO       SHIFT3216OK
;__Lib_MathDouble.c,1440 :: 		
TSHIFT3216:
;__Lib_MathDouble.c,1441 :: 		
0x0137	0x0853      	MOVF       R3, 0
;__Lib_MathDouble.c,1442 :: 		
0x0138	0x1903      	BTFSC      STATUS, 2
;__Lib_MathDouble.c,1443 :: 		
0x0139	0x293F      	GOTO       SHIFT3216OK
;__Lib_MathDouble.c,1444 :: 		
SHIFT3216:
;__Lib_MathDouble.c,1445 :: 		
0x013A	0x1003      	BCF        STATUS, 0
;__Lib_MathDouble.c,1446 :: 		
0x013B	0x0CD2      	RRF        R2, 1
;__Lib_MathDouble.c,1447 :: 		
0x013C	0x0CD1      	RRF        R1, 1
;__Lib_MathDouble.c,1448 :: 		
0x013D	0x0BD3      	DECFSZ     R3, 1
;__Lib_MathDouble.c,1449 :: 		
0x013E	0x293A      	GOTO       SHIFT3216
;__Lib_MathDouble.c,1450 :: 		
SHIFT3216OK:
;__Lib_MathDouble.c,1451 :: 		
0x013F	0x1B5B      	BTFSC      R11, 6
;__Lib_MathDouble.c,1452 :: 		
0x0140	0x1C51      	BTFSS      R1, 0
;__Lib_MathDouble.c,1453 :: 		
0x0141	0x2949      	GOTO       INT3216OK
;__Lib_MathDouble.c,1454 :: 		
0x0142	0x1C03      	BTFSS      STATUS, 0
;__Lib_MathDouble.c,1455 :: 		
0x0143	0x2949      	GOTO       INT3216OK
;__Lib_MathDouble.c,1456 :: 		
0x0144	0x0AD1      	INCF       R1, 1
;__Lib_MathDouble.c,1457 :: 		
0x0145	0x1903      	BTFSC      STATUS, 2
;__Lib_MathDouble.c,1458 :: 		
0x0146	0x0AD2      	INCF       R2, 1
;__Lib_MathDouble.c,1459 :: 		
0x0147	0x1BD2      	BTFSC      R2, 7
;__Lib_MathDouble.c,1460 :: 		
0x0148	0x2960      	GOTO       JPJSETIOV3224
;__Lib_MathDouble.c,1461 :: 		
INT3216OK:
;__Lib_MathDouble.c,1462 :: 		
0x0149	0x1FDA      	BTFSS      R10, 7
;__Lib_MathDouble.c,1463 :: 		
0x014A	0x2963      	GOTO       INT3216EOK
;__Lib_MathDouble.c,1465 :: 		
0x014B	0x09D2      	COMF       R2, 1
;__Lib_MathDouble.c,1466 :: 		
0x014C	0x09D1      	COMF       R1, 1
;__Lib_MathDouble.c,1467 :: 		
0x014D	0x0AD1      	INCF       R1, 1
;__Lib_MathDouble.c,1468 :: 		
0x014E	0x1903      	BTFSC      STATUS, 2
;__Lib_MathDouble.c,1469 :: 		
0x014F	0x0AD2      	INCF       R2, 1
;__Lib_MathDouble.c,1470 :: 		
0x0150	0x2963      	GOTO       INT3216EOK
;__Lib_MathDouble.c,1472 :: 		
IRES016:
;__Lib_MathDouble.c,1473 :: 		
0x0151	0x01D2      	CLRF       R2
;__Lib_MathDouble.c,1474 :: 		
0x0152	0x01D1      	CLRF       R1
;__Lib_MathDouble.c,1475 :: 		
0x0153	0x2963      	GOTO       INT3216EOK
;__Lib_MathDouble.c,1476 :: 		
SETIOV16:
;__Lib_MathDouble.c,1477 :: 		
0x0154	0x145B      	BSF        R11, 0
;__Lib_MathDouble.c,1478 :: 		
0x0155	0x1FDB      	BTFSS      R11, 7
;__Lib_MathDouble.c,1479 :: 		
0x0156	0x2966      	GOTO       INT3216EER
;__Lib_MathDouble.c,1481 :: 		
0x0157	0x01D2      	CLRF       R2
;__Lib_MathDouble.c,1482 :: 		
0x0158	0x1FDA      	BTFSS      R10, 7
;__Lib_MathDouble.c,1483 :: 		
0x0159	0x2966      	GOTO       INT3216EER
;__Lib_MathDouble.c,1484 :: 		
0x015A	0x30FF      	MOVLW      255
;__Lib_MathDouble.c,1485 :: 		
0x015B	0x00D2      	MOVWF      R2
;__Lib_MathDouble.c,1486 :: 		
0x015C	0x00D1      	MOVWF      R1
;__Lib_MathDouble.c,1487 :: 		
0x015D	0x0DDA      	RLF        R10, 1
;__Lib_MathDouble.c,1488 :: 		
0x015E	0x0CD2      	RRF        R2, 1
;__Lib_MathDouble.c,1489 :: 		
0x015F	0x2966      	GOTO       INT3216EER
;__Lib_MathDouble.c,1491 :: 		
JPJSETIOV3224:
;__Lib_MathDouble.c,1492 :: 		
0x0160	0x3001      	MOVLW      1
;__Lib_MathDouble.c,1493 :: 		
0x0161	0x00DC      	MOVWF      R12
;__Lib_MathDouble.c,1494 :: 		
0x0162	0x2968      	GOTO       INT3216EEE
;__Lib_MathDouble.c,1495 :: 		
INT3216EOK:
;__Lib_MathDouble.c,1496 :: 		
0x0163	0x3000      	MOVLW      0
;__Lib_MathDouble.c,1497 :: 		
0x0164	0x00DC      	MOVWF      R12
;__Lib_MathDouble.c,1498 :: 		
0x0165	0x2968      	GOTO       INT3216EEE
;__Lib_MathDouble.c,1499 :: 		
INT3216EER:
;__Lib_MathDouble.c,1500 :: 		
0x0166	0x30FF      	MOVLW      255
;__Lib_MathDouble.c,1501 :: 		
0x0167	0x00DC      	MOVWF      R12
;__Lib_MathDouble.c,1502 :: 		
INT3216EEE:
;__Lib_MathDouble.c,1505 :: 		
0x0168	0x08DC      	MOVF       R12, 1
;__Lib_MathDouble.c,1507 :: 		
0x0169	0x1903      	BTFSC      STATUS, 2
;__Lib_MathDouble.c,1508 :: 		
0x016A	0x296C      	GOTO       L_Double2Int_0
;__Lib_MathDouble.c,1510 :: 		
0x016B	0x2377      	CALL       _SETIOV3224
;__Lib_MathDouble.c,1512 :: 		
L_Double2Int_0:
;__Lib_MathDouble.c,1513 :: 		
0x016C	0x0851      	MOVF       R1, 0
;__Lib_MathDouble.c,1514 :: 		
0x016D	0x00D0      	MOVWF      R0
;__Lib_MathDouble.c,1515 :: 		
0x016E	0x0852      	MOVF       R2, 0
;__Lib_MathDouble.c,1516 :: 		
0x016F	0x00D1      	MOVWF      R1
;__Lib_MathDouble.c,1520 :: 		
L_end_double2int:
0x0170	0x0008      	RETURN
; end of _double2int
_display:
;MyProject.c,42 :: 		display()
;MyProject.c,45 :: 		i=ADC_Read(0);       //voltage
0x0171	0x1283      	BCF        STATUS, 5
0x0172	0x01BB      	CLRF       FARG_ADC_Read_channel
0x0173	0x2301      	CALL       _ADC_Read
0x0174	0x0850      	MOVF       R0, 0
0x0175	0x00B5      	MOVWF      _i
0x0176	0x0851      	MOVF       R0+1, 0
0x0177	0x00B6      	MOVWF      _i+1
;MyProject.c,46 :: 		k2=i;
0x0178	0x0850      	MOVF       R0, 0
0x0179	0x00B2      	MOVWF      _k2
0x017A	0x0851      	MOVF       R0+1, 0
0x017B	0x00B3      	MOVWF      _k2+1
;MyProject.c,47 :: 		i=i * 2.98 ;
0x017C	0x2324      	CALL       _int2double
0x017D	0x3052      	MOVLW      82
0x017E	0x00D4      	MOVWF      R4
0x017F	0x30B8      	MOVLW      184
0x0180	0x00D5      	MOVWF      R4+1
0x0181	0x303E      	MOVLW      62
0x0182	0x00D6      	MOVWF      R4+2
0x0183	0x3080      	MOVLW      128
0x0184	0x00D7      	MOVWF      R4+3
0x0185	0x20B3      	CALL       _Mul_32x32_FP
0x0186	0x2114      	CALL       _double2int
0x0187	0x0850      	MOVF       R0, 0
0x0188	0x00B5      	MOVWF      _i
0x0189	0x0851      	MOVF       R0+1, 0
0x018A	0x00B6      	MOVWF      _i+1
;MyProject.c,48 :: 		IntToStr(i,a);
0x018B	0x0850      	MOVF       R0, 0
0x018C	0x00BB      	MOVWF      FARG_IntToStr_input
0x018D	0x0851      	MOVF       R0+1, 0
0x018E	0x00BC      	MOVWF      FARG_IntToStr_input+1
0x018F	0x3022      	MOVLW      _a
0x0190	0x00BD      	MOVWF      FARG_IntToStr_output
0x0191	0x204A      	CALL       _IntToStr
;MyProject.c,50 :: 		tmp[0]=a[2];
0x0192	0x0824      	MOVF       _a+2, 0
0x0193	0x00A9      	MOVWF      _tmp
;MyProject.c,51 :: 		tmp[1]=a[3];
0x0194	0x0825      	MOVF       _a+3, 0
0x0195	0x00AA      	MOVWF      _tmp+1
;MyProject.c,52 :: 		tmp[2]=0x2e;
0x0196	0x302E      	MOVLW      46
0x0197	0x00AB      	MOVWF      _tmp+2
;MyProject.c,53 :: 		tmp[3]=a[4];
0x0198	0x0826      	MOVF       _a+4, 0
0x0199	0x00AC      	MOVWF      _tmp+3
;MyProject.c,54 :: 		tmp[4]=a[5];
0x019A	0x0827      	MOVF       _a+5, 0
0x019B	0x00AD      	MOVWF      _tmp+4
;MyProject.c,55 :: 		tmp[5]=0x56;
0x019C	0x3056      	MOVLW      86
0x019D	0x00AE      	MOVWF      _tmp+5
;MyProject.c,57 :: 		Lcd_Out(1,1,tmp);
0x019E	0x3001      	MOVLW      1
0x019F	0x00BB      	MOVWF      FARG_Lcd_Out_row
0x01A0	0x3001      	MOVLW      1
0x01A1	0x00BC      	MOVWF      FARG_Lcd_Out_column
0x01A2	0x3029      	MOVLW      _tmp
0x01A3	0x00BD      	MOVWF      FARG_Lcd_Out_text
0x01A4	0x2295      	CALL       _Lcd_Out
;MyProject.c,59 :: 		i=ADC_Read(1);      // ampilfied voltage i.e. current
0x01A5	0x3001      	MOVLW      1
0x01A6	0x00BB      	MOVWF      FARG_ADC_Read_channel
0x01A7	0x2301      	CALL       _ADC_Read
0x01A8	0x0850      	MOVF       R0, 0
0x01A9	0x00B5      	MOVWF      _i
0x01AA	0x0851      	MOVF       R0+1, 0
0x01AB	0x00B6      	MOVWF      _i+1
;MyProject.c,60 :: 		i=i*1.94;    //1 is the correction factor
0x01AC	0x2324      	CALL       _int2double
0x01AD	0x30EC      	MOVLW      236
0x01AE	0x00D4      	MOVWF      R4
0x01AF	0x3051      	MOVLW      81
0x01B0	0x00D5      	MOVWF      R4+1
0x01B1	0x3078      	MOVLW      120
0x01B2	0x00D6      	MOVWF      R4+2
0x01B3	0x307F      	MOVLW      127
0x01B4	0x00D7      	MOVWF      R4+3
0x01B5	0x20B3      	CALL       _Mul_32x32_FP
0x01B6	0x2114      	CALL       _double2int
0x01B7	0x0850      	MOVF       R0, 0
0x01B8	0x00B5      	MOVWF      _i
0x01B9	0x0851      	MOVF       R0+1, 0
0x01BA	0x00B6      	MOVWF      _i+1
;MyProject.c,61 :: 		IntToStr(i,a);
0x01BB	0x0850      	MOVF       R0, 0
0x01BC	0x00BB      	MOVWF      FARG_IntToStr_input
0x01BD	0x0851      	MOVF       R0+1, 0
0x01BE	0x00BC      	MOVWF      FARG_IntToStr_input+1
0x01BF	0x3022      	MOVLW      _a
0x01C0	0x00BD      	MOVWF      FARG_IntToStr_output
0x01C1	0x204A      	CALL       _IntToStr
;MyProject.c,62 :: 		Lcd_Out(2,1,a);
0x01C2	0x3002      	MOVLW      2
0x01C3	0x00BB      	MOVWF      FARG_Lcd_Out_row
0x01C4	0x3001      	MOVLW      1
0x01C5	0x00BC      	MOVWF      FARG_Lcd_Out_column
0x01C6	0x3022      	MOVLW      _a
0x01C7	0x00BD      	MOVWF      FARG_Lcd_Out_text
0x01C8	0x2295      	CALL       _Lcd_Out
;MyProject.c,63 :: 		}
L_end_display:
0x01C9	0x0008      	RETURN
; end of _display
_Lcd_Init:
;__Lib_Lcd.c,84 :: 		
;__Lib_Lcd.c,86 :: 		
0x01CA	0x1683      	BSF        STATUS, 5
0x01CB	0x1207      	BCF        LCD_EN_Direction, BitPos(LCD_EN_Direction+0)
;__Lib_Lcd.c,87 :: 		
0x01CC	0x1287      	BCF        LCD_RS_Direction, BitPos(LCD_RS_Direction+0)
;__Lib_Lcd.c,88 :: 		
0x01CD	0x1187      	BCF        LCD_D4_Direction, BitPos(LCD_D4_Direction+0)
;__Lib_Lcd.c,89 :: 		
0x01CE	0x1107      	BCF        LCD_D5_Direction, BitPos(LCD_D5_Direction+0)
;__Lib_Lcd.c,90 :: 		
0x01CF	0x1087      	BCF        LCD_D6_Direction, BitPos(LCD_D6_Direction+0)
;__Lib_Lcd.c,91 :: 		
0x01D0	0x1007      	BCF        LCD_D7_Direction, BitPos(LCD_D7_Direction+0)
;__Lib_Lcd.c,93 :: 		
0x01D1	0x1283      	BCF        STATUS, 5
0x01D2	0x1207      	BCF        LCD_EN, BitPos(LCD_EN+0)
;__Lib_Lcd.c,94 :: 		
0x01D3	0x1287      	BCF        LCD_RS, BitPos(LCD_RS+0)
;__Lib_Lcd.c,95 :: 		
0x01D4	0x1007      	BCF        LCD_D7, BitPos(LCD_D7+0)
;__Lib_Lcd.c,96 :: 		
0x01D5	0x1087      	BCF        LCD_D6, BitPos(LCD_D6+0)
;__Lib_Lcd.c,97 :: 		
0x01D6	0x1107      	BCF        LCD_D5, BitPos(LCD_D5+0)
;__Lib_Lcd.c,98 :: 		
0x01D7	0x1187      	BCF        LCD_D4, BitPos(LCD_D4+0)
;__Lib_Lcd.c,100 :: 		
0x01D8	0x239C      	CALL       _Delay_5500us
;__Lib_Lcd.c,101 :: 		
0x01D9	0x239C      	CALL       _Delay_5500us
;__Lib_Lcd.c,102 :: 		
0x01DA	0x239C      	CALL       _Delay_5500us
;__Lib_Lcd.c,105 :: 		
0x01DB	0x1507      	BSF        LCD_D5, BitPos(LCD_D5+0)
;__Lib_Lcd.c,106 :: 		
0x01DC	0x1587      	BSF        LCD_D4, BitPos(LCD_D4+0)
;__Lib_Lcd.c,107 :: 		
0x01DD	0x1607      	BSF        LCD_EN, BitPos(LCD_EN+0)
;__Lib_Lcd.c,108 :: 		
0x01DE	0x23EB      	CALL       _Delay_1us
;__Lib_Lcd.c,109 :: 		
0x01DF	0x1207      	BCF        LCD_EN, BitPos(LCD_EN+0)
;__Lib_Lcd.c,110 :: 		
0x01E0	0x239C      	CALL       _Delay_5500us
;__Lib_Lcd.c,112 :: 		
0x01E1	0x1607      	BSF        LCD_EN, BitPos(LCD_EN+0)
;__Lib_Lcd.c,113 :: 		
0x01E2	0x23EB      	CALL       _Delay_1us
;__Lib_Lcd.c,114 :: 		
0x01E3	0x1207      	BCF        LCD_EN, BitPos(LCD_EN+0)
;__Lib_Lcd.c,115 :: 		
0x01E4	0x239C      	CALL       _Delay_5500us
;__Lib_Lcd.c,117 :: 		
0x01E5	0x1607      	BSF        LCD_EN, BitPos(LCD_EN+0)
;__Lib_Lcd.c,118 :: 		
0x01E6	0x23EB      	CALL       _Delay_1us
;__Lib_Lcd.c,119 :: 		
0x01E7	0x1207      	BCF        LCD_EN, BitPos(LCD_EN+0)
;__Lib_Lcd.c,120 :: 		
0x01E8	0x239C      	CALL       _Delay_5500us
;__Lib_Lcd.c,123 :: 		
0x01E9	0x1187      	BCF        LCD_D4, BitPos(LCD_D4+0)
;__Lib_Lcd.c,124 :: 		
0x01EA	0x1607      	BSF        LCD_EN, BitPos(LCD_EN+0)
;__Lib_Lcd.c,125 :: 		
0x01EB	0x23EB      	CALL       _Delay_1us
;__Lib_Lcd.c,126 :: 		
0x01EC	0x1207      	BCF        LCD_EN, BitPos(LCD_EN+0)
;__Lib_Lcd.c,127 :: 		
0x01ED	0x239C      	CALL       _Delay_5500us
;__Lib_Lcd.c,130 :: 		
0x01EE	0x1607      	BSF        LCD_EN, BitPos(LCD_EN+0)
;__Lib_Lcd.c,131 :: 		
0x01EF	0x23EB      	CALL       _Delay_1us
;__Lib_Lcd.c,132 :: 		
0x01F0	0x1207      	BCF        LCD_EN, BitPos(LCD_EN+0)
;__Lib_Lcd.c,134 :: 		
0x01F1	0x1107      	BCF        LCD_D5, BitPos(LCD_D5+0)
;__Lib_Lcd.c,135 :: 		
0x01F2	0x1407      	BSF        LCD_D7, BitPos(LCD_D7+0)
;__Lib_Lcd.c,136 :: 		
0x01F3	0x1607      	BSF        LCD_EN, BitPos(LCD_EN+0)
;__Lib_Lcd.c,137 :: 		
0x01F4	0x23EB      	CALL       _Delay_1us
;__Lib_Lcd.c,138 :: 		
0x01F5	0x1207      	BCF        LCD_EN, BitPos(LCD_EN+0)
;__Lib_Lcd.c,139 :: 		
0x01F6	0x239C      	CALL       _Delay_5500us
;__Lib_Lcd.c,142 :: 		
0x01F7	0x1007      	BCF        LCD_D7, BitPos(LCD_D7+0)
;__Lib_Lcd.c,143 :: 		
0x01F8	0x1587      	BSF        LCD_D4, BitPos(LCD_D4+0)
;__Lib_Lcd.c,144 :: 		
0x01F9	0x1607      	BSF        LCD_EN, BitPos(LCD_EN+0)
;__Lib_Lcd.c,145 :: 		
0x01FA	0x23EB      	CALL       _Delay_1us
;__Lib_Lcd.c,146 :: 		
0x01FB	0x1207      	BCF        LCD_EN, BitPos(LCD_EN+0)
;__Lib_Lcd.c,148 :: 		
0x01FC	0x1187      	BCF        LCD_D4, BitPos(LCD_D4+0)
;__Lib_Lcd.c,149 :: 		
0x01FD	0x1607      	BSF        LCD_EN, BitPos(LCD_EN+0)
;__Lib_Lcd.c,150 :: 		
0x01FE	0x23EB      	CALL       _Delay_1us
;__Lib_Lcd.c,151 :: 		
0x01FF	0x1207      	BCF        LCD_EN, BitPos(LCD_EN+0)
;__Lib_Lcd.c,152 :: 		
0x0200	0x239C      	CALL       _Delay_5500us
;__Lib_Lcd.c,155 :: 		
0x0201	0x1607      	BSF        LCD_EN, BitPos(LCD_EN+0)
;__Lib_Lcd.c,156 :: 		
0x0202	0x23EB      	CALL       _Delay_1us
;__Lib_Lcd.c,157 :: 		
0x0203	0x1207      	BCF        LCD_EN, BitPos(LCD_EN+0)
;__Lib_Lcd.c,159 :: 		
0x0204	0x1587      	BSF        LCD_D4, BitPos(LCD_D4+0)
;__Lib_Lcd.c,160 :: 		
0x0205	0x1607      	BSF        LCD_EN, BitPos(LCD_EN+0)
;__Lib_Lcd.c,161 :: 		
0x0206	0x23EB      	CALL       _Delay_1us
;__Lib_Lcd.c,162 :: 		
0x0207	0x1207      	BCF        LCD_EN, BitPos(LCD_EN+0)
;__Lib_Lcd.c,163 :: 		
0x0208	0x239C      	CALL       _Delay_5500us
;__Lib_Lcd.c,166 :: 		
0x0209	0x1187      	BCF        LCD_D4, BitPos(LCD_D4+0)
;__Lib_Lcd.c,167 :: 		
0x020A	0x1607      	BSF        LCD_EN, BitPos(LCD_EN+0)
;__Lib_Lcd.c,168 :: 		
0x020B	0x23EB      	CALL       _Delay_1us
;__Lib_Lcd.c,169 :: 		
0x020C	0x1207      	BCF        LCD_EN, BitPos(LCD_EN+0)
;__Lib_Lcd.c,171 :: 		
0x020D	0x1407      	BSF        LCD_D7, BitPos(LCD_D7+0)
;__Lib_Lcd.c,172 :: 		
0x020E	0x1487      	BSF        LCD_D6, BitPos(LCD_D6+0)
;__Lib_Lcd.c,173 :: 		
0x020F	0x1507      	BSF        LCD_D5, BitPos(LCD_D5+0)
;__Lib_Lcd.c,174 :: 		
0x0210	0x1587      	BSF        LCD_D4, BitPos(LCD_D4+0)
;__Lib_Lcd.c,175 :: 		
0x0211	0x1607      	BSF        LCD_EN, BitPos(LCD_EN+0)
;__Lib_Lcd.c,176 :: 		
0x0212	0x23EB      	CALL       _Delay_1us
;__Lib_Lcd.c,177 :: 		
0x0213	0x1207      	BCF        LCD_EN, BitPos(LCD_EN+0)
;__Lib_Lcd.c,179 :: 		
0x0214	0x239C      	CALL       _Delay_5500us
;__Lib_Lcd.c,181 :: 		
0x0215	0x1434      	BSF        __Lib_Lcd_cmd_status, BitPos(__Lib_Lcd_cmd_status+0)
;__Lib_Lcd.c,182 :: 		
L_end_Lcd_Init:
0x0216	0x0008      	RETURN
; end of _Lcd_Init
_Lcd_Cmd:
;__Lib_Lcd.c,18 :: 		
;__Lib_Lcd.c,20 :: 		
0x0217	0x1283      	BCF        STATUS, 5
0x0218	0x1BC9      	BTFSC      FARG_Lcd_Cmd_out_char, 7
0x0219	0x2A1C      	GOTO       L__Lcd_Cmd21
0x021A	0x1007      	BCF        LCD_D7, BitPos(LCD_D7+0)
0x021B	0x2A1D      	GOTO       L__Lcd_Cmd22
L__Lcd_Cmd21:
0x021C	0x1407      	BSF        LCD_D7, BitPos(LCD_D7+0)
L__Lcd_Cmd22:
;__Lib_Lcd.c,21 :: 		
0x021D	0x1B49      	BTFSC      FARG_Lcd_Cmd_out_char, 6
0x021E	0x2A21      	GOTO       L__Lcd_Cmd23
0x021F	0x1087      	BCF        LCD_D6, BitPos(LCD_D6+0)
0x0220	0x2A22      	GOTO       L__Lcd_Cmd24
L__Lcd_Cmd23:
0x0221	0x1487      	BSF        LCD_D6, BitPos(LCD_D6+0)
L__Lcd_Cmd24:
;__Lib_Lcd.c,22 :: 		
0x0222	0x1AC9      	BTFSC      FARG_Lcd_Cmd_out_char, 5
0x0223	0x2A26      	GOTO       L__Lcd_Cmd25
0x0224	0x1107      	BCF        LCD_D5, BitPos(LCD_D5+0)
0x0225	0x2A27      	GOTO       L__Lcd_Cmd26
L__Lcd_Cmd25:
0x0226	0x1507      	BSF        LCD_D5, BitPos(LCD_D5+0)
L__Lcd_Cmd26:
;__Lib_Lcd.c,23 :: 		
0x0227	0x1A49      	BTFSC      FARG_Lcd_Cmd_out_char, 4
0x0228	0x2A2B      	GOTO       L__Lcd_Cmd27
0x0229	0x1187      	BCF        LCD_D4, BitPos(LCD_D4+0)
0x022A	0x2A2C      	GOTO       L__Lcd_Cmd28
L__Lcd_Cmd27:
0x022B	0x1587      	BSF        LCD_D4, BitPos(LCD_D4+0)
L__Lcd_Cmd28:
;__Lib_Lcd.c,25 :: 		
0x022C	0x1834      	BTFSC      __Lib_Lcd_cmd_status, BitPos(__Lib_Lcd_cmd_status+0)
0x022D	0x2A30      	GOTO       L__Lcd_Cmd29
0x022E	0x1687      	BSF        LCD_RS, BitPos(LCD_RS+0)
0x022F	0x2A31      	GOTO       L__Lcd_Cmd30
L__Lcd_Cmd29:
0x0230	0x1287      	BCF        LCD_RS, BitPos(LCD_RS+0)
L__Lcd_Cmd30:
;__Lib_Lcd.c,28 :: 		
0x0231	0x1607      	BSF        LCD_EN, BitPos(LCD_EN+0)
;__Lib_Lcd.c,29 :: 		
0x0232	0x23EB      	CALL       _Delay_1us
;__Lib_Lcd.c,30 :: 		
0x0233	0x1207      	BCF        LCD_EN, BitPos(LCD_EN+0)
;__Lib_Lcd.c,33 :: 		
0x0234	0x19C9      	BTFSC      FARG_Lcd_Cmd_out_char, 3
0x0235	0x2A38      	GOTO       L__Lcd_Cmd31
0x0236	0x1007      	BCF        LCD_D7, BitPos(LCD_D7+0)
0x0237	0x2A39      	GOTO       L__Lcd_Cmd32
L__Lcd_Cmd31:
0x0238	0x1407      	BSF        LCD_D7, BitPos(LCD_D7+0)
L__Lcd_Cmd32:
;__Lib_Lcd.c,34 :: 		
0x0239	0x1949      	BTFSC      FARG_Lcd_Cmd_out_char, 2
0x023A	0x2A3D      	GOTO       L__Lcd_Cmd33
0x023B	0x1087      	BCF        LCD_D6, BitPos(LCD_D6+0)
0x023C	0x2A3E      	GOTO       L__Lcd_Cmd34
L__Lcd_Cmd33:
0x023D	0x1487      	BSF        LCD_D6, BitPos(LCD_D6+0)
L__Lcd_Cmd34:
;__Lib_Lcd.c,35 :: 		
0x023E	0x18C9      	BTFSC      FARG_Lcd_Cmd_out_char, 1
0x023F	0x2A42      	GOTO       L__Lcd_Cmd35
0x0240	0x1107      	BCF        LCD_D5, BitPos(LCD_D5+0)
0x0241	0x2A43      	GOTO       L__Lcd_Cmd36
L__Lcd_Cmd35:
0x0242	0x1507      	BSF        LCD_D5, BitPos(LCD_D5+0)
L__Lcd_Cmd36:
;__Lib_Lcd.c,36 :: 		
0x0243	0x1849      	BTFSC      FARG_Lcd_Cmd_out_char, 0
0x0244	0x2A47      	GOTO       L__Lcd_Cmd37
0x0245	0x1187      	BCF        LCD_D4, BitPos(LCD_D4+0)
0x0246	0x2A48      	GOTO       L__Lcd_Cmd38
L__Lcd_Cmd37:
0x0247	0x1587      	BSF        LCD_D4, BitPos(LCD_D4+0)
L__Lcd_Cmd38:
;__Lib_Lcd.c,38 :: 		
0x0248	0x1834      	BTFSC      __Lib_Lcd_cmd_status, BitPos(__Lib_Lcd_cmd_status+0)
0x0249	0x2A4C      	GOTO       L__Lcd_Cmd39
0x024A	0x1687      	BSF        LCD_RS, BitPos(LCD_RS+0)
0x024B	0x2A4D      	GOTO       L__Lcd_Cmd40
L__Lcd_Cmd39:
0x024C	0x1287      	BCF        LCD_RS, BitPos(LCD_RS+0)
L__Lcd_Cmd40:
;__Lib_Lcd.c,40 :: 		
0x024D	0x1607      	BSF        LCD_EN, BitPos(LCD_EN+0)
;__Lib_Lcd.c,41 :: 		
0x024E	0x23EB      	CALL       _Delay_1us
;__Lib_Lcd.c,42 :: 		
0x024F	0x1207      	BCF        LCD_EN, BitPos(LCD_EN+0)
;__Lib_Lcd.c,44 :: 		
0x0250	0x1C34      	BTFSS      __Lib_Lcd_cmd_status, BitPos(__Lib_Lcd_cmd_status+0)
0x0251	0x2A54      	GOTO       L_Lcd_Cmd0
;__Lib_Lcd.c,45 :: 		
0x0252	0x239C      	CALL       _Delay_5500us
0x0253	0x2A55      	GOTO       L_Lcd_Cmd1
L_Lcd_Cmd0:
;__Lib_Lcd.c,47 :: 		
0x0254	0x23C2      	CALL       _Delay_50us
L_Lcd_Cmd1:
;__Lib_Lcd.c,48 :: 		
L_end_Lcd_Cmd:
0x0255	0x0008      	RETURN
; end of _Lcd_Cmd
_WordToStr:
;__Lib_Conversions.c,84 :: 		
;__Lib_Conversions.c,89 :: 		
0x0256	0x1283      	BCF        STATUS, 5
0x0257	0x01C7      	CLRF       WordToStr_len_L0
L_WordToStr6:
0x0258	0x3005      	MOVLW      5
0x0259	0x0247      	SUBWF      WordToStr_len_L0, 0
0x025A	0x1803      	BTFSC      STATUS, 0
0x025B	0x2A63      	GOTO       L_WordToStr7
;__Lib_Conversions.c,90 :: 		
0x025C	0x0847      	MOVF       WordToStr_len_L0, 0
0x025D	0x0746      	ADDWF      FARG_WordToStr_output, 0
0x025E	0x0084      	MOVWF      FSR
0x025F	0x3020      	MOVLW      32
0x0260	0x0080      	MOVWF      INDF
;__Lib_Conversions.c,89 :: 		
0x0261	0x0AC7      	INCF       WordToStr_len_L0, 1
;__Lib_Conversions.c,90 :: 		
0x0262	0x2A58      	GOTO       L_WordToStr6
L_WordToStr7:
;__Lib_Conversions.c,91 :: 		
0x0263	0x0847      	MOVF       WordToStr_len_L0, 0
0x0264	0x0746      	ADDWF      FARG_WordToStr_output, 0
0x0265	0x0084      	MOVWF      FSR
0x0266	0x0180      	CLRF       INDF
0x0267	0x03C7      	DECF       WordToStr_len_L0, 1
;__Lib_Conversions.c,93 :: 		
L_WordToStr9:
;__Lib_Conversions.c,94 :: 		
0x0268	0x0847      	MOVF       WordToStr_len_L0, 0
0x0269	0x0746      	ADDWF      FARG_WordToStr_output, 0
0x026A	0x00C8      	MOVWF      FLOC__WordToStr
0x026B	0x300A      	MOVLW      10
0x026C	0x00D4      	MOVWF      R4
0x026D	0x01D5      	CLRF       R4+1
0x026E	0x0844      	MOVF       FARG_WordToStr_input, 0
0x026F	0x00D0      	MOVWF      R0
0x0270	0x0845      	MOVF       FARG_WordToStr_input+1, 0
0x0271	0x00D1      	MOVWF      R0+1
0x0272	0x2342      	CALL       _Div_16X16_U
0x0273	0x0858      	MOVF       R8, 0
0x0274	0x00D0      	MOVWF      R0
0x0275	0x0859      	MOVF       R8+1, 0
0x0276	0x00D1      	MOVWF      R0+1
0x0277	0x3030      	MOVLW      48
0x0278	0x07D0      	ADDWF      R0, 1
0x0279	0x0848      	MOVF       FLOC__WordToStr, 0
0x027A	0x0084      	MOVWF      FSR
0x027B	0x0850      	MOVF       R0, 0
0x027C	0x0080      	MOVWF      INDF
;__Lib_Conversions.c,95 :: 		
0x027D	0x300A      	MOVLW      10
0x027E	0x00D4      	MOVWF      R4
0x027F	0x01D5      	CLRF       R4+1
0x0280	0x0844      	MOVF       FARG_WordToStr_input, 0
0x0281	0x00D0      	MOVWF      R0
0x0282	0x0845      	MOVF       FARG_WordToStr_input+1, 0
0x0283	0x00D1      	MOVWF      R0+1
0x0284	0x2342      	CALL       _Div_16X16_U
0x0285	0x0850      	MOVF       R0, 0
0x0286	0x00C4      	MOVWF      FARG_WordToStr_input
0x0287	0x0851      	MOVF       R0+1, 0
0x0288	0x00C5      	MOVWF      FARG_WordToStr_input+1
;__Lib_Conversions.c,96 :: 		
0x0289	0x3000      	MOVLW      0
0x028A	0x0651      	XORWF      R0+1, 0
0x028B	0x1D03      	BTFSS      STATUS, 2
0x028C	0x2A8F      	GOTO       L__WordToStr109
0x028D	0x3000      	MOVLW      0
0x028E	0x0650      	XORWF      R0, 0
L__WordToStr109:
0x028F	0x1D03      	BTFSS      STATUS, 2
0x0290	0x2A92      	GOTO       L_WordToStr11
;__Lib_Conversions.c,97 :: 		
0x0291	0x2A94      	GOTO       L_WordToStr10
L_WordToStr11:
;__Lib_Conversions.c,98 :: 		
0x0292	0x03C7      	DECF       WordToStr_len_L0, 1
;__Lib_Conversions.c,99 :: 		
0x0293	0x2A68      	GOTO       L_WordToStr9
L_WordToStr10:
;__Lib_Conversions.c,100 :: 		
L_end_WordToStr:
0x0294	0x0008      	RETURN
; end of _WordToStr
_Lcd_Out:
;__Lib_Lcd.c,184 :: 		
;__Lib_Lcd.c,187 :: 		
0x0295	0x2AA6      	GOTO       L_Lcd_Out11
;__Lib_Lcd.c,188 :: 		
L_Lcd_Out13:
0x0296	0x3080      	MOVLW      128
0x0297	0x1283      	BCF        STATUS, 5
0x0298	0x00BB      	MOVWF      FARG_Lcd_Out_row
0x0299	0x2AB7      	GOTO       L_Lcd_Out12
;__Lib_Lcd.c,189 :: 		
L_Lcd_Out14:
0x029A	0x30C0      	MOVLW      192
0x029B	0x00BB      	MOVWF      FARG_Lcd_Out_row
0x029C	0x2AB7      	GOTO       L_Lcd_Out12
;__Lib_Lcd.c,190 :: 		
L_Lcd_Out15:
0x029D	0x3094      	MOVLW      148
0x029E	0x00BB      	MOVWF      FARG_Lcd_Out_row
0x029F	0x2AB7      	GOTO       L_Lcd_Out12
;__Lib_Lcd.c,191 :: 		
L_Lcd_Out16:
0x02A0	0x30D4      	MOVLW      212
0x02A1	0x00BB      	MOVWF      FARG_Lcd_Out_row
0x02A2	0x2AB7      	GOTO       L_Lcd_Out12
;__Lib_Lcd.c,192 :: 		
L_Lcd_Out17:
0x02A3	0x3080      	MOVLW      128
0x02A4	0x00BB      	MOVWF      FARG_Lcd_Out_row
;__Lib_Lcd.c,193 :: 		
0x02A5	0x2AB7      	GOTO       L_Lcd_Out12
L_Lcd_Out11:
0x02A6	0x083B      	MOVF       FARG_Lcd_Out_row, 0
0x02A7	0x3A01      	XORLW      1
0x02A8	0x1903      	BTFSC      STATUS, 2
0x02A9	0x2A96      	GOTO       L_Lcd_Out13
0x02AA	0x083B      	MOVF       FARG_Lcd_Out_row, 0
0x02AB	0x3A02      	XORLW      2
0x02AC	0x1903      	BTFSC      STATUS, 2
0x02AD	0x2A9A      	GOTO       L_Lcd_Out14
0x02AE	0x083B      	MOVF       FARG_Lcd_Out_row, 0
0x02AF	0x3A03      	XORLW      3
0x02B0	0x1903      	BTFSC      STATUS, 2
0x02B1	0x2A9D      	GOTO       L_Lcd_Out15
0x02B2	0x083B      	MOVF       FARG_Lcd_Out_row, 0
0x02B3	0x3A04      	XORLW      4
0x02B4	0x1903      	BTFSC      STATUS, 2
0x02B5	0x2AA0      	GOTO       L_Lcd_Out16
0x02B6	0x2AA3      	GOTO       L_Lcd_Out17
L_Lcd_Out12:
;__Lib_Lcd.c,194 :: 		
0x02B7	0x033C      	DECF       FARG_Lcd_Out_column, 0
0x02B8	0x00D0      	MOVWF      R0
0x02B9	0x083B      	MOVF       FARG_Lcd_Out_row, 0
0x02BA	0x07D0      	ADDWF      R0, 1
0x02BB	0x0850      	MOVF       R0, 0
0x02BC	0x00BB      	MOVWF      FARG_Lcd_Out_row
;__Lib_Lcd.c,196 :: 		
0x02BD	0x0850      	MOVF       R0, 0
0x02BE	0x00C9      	MOVWF      FARG_Lcd_Cmd_out_char
0x02BF	0x2217      	CALL       _Lcd_Cmd
;__Lib_Lcd.c,197 :: 		
0x02C0	0x1034      	BCF        __Lib_Lcd_cmd_status, BitPos(__Lib_Lcd_cmd_status+0)
;__Lib_Lcd.c,198 :: 		
0x02C1	0x01BE      	CLRF       Lcd_Out_i_L0
;__Lib_Lcd.c,199 :: 		
L_Lcd_Out18:
0x02C2	0x083E      	MOVF       Lcd_Out_i_L0, 0
0x02C3	0x073D      	ADDWF      FARG_Lcd_Out_text, 0
0x02C4	0x0084      	MOVWF      FSR
0x02C5	0x0800      	MOVF       INDF, 0
0x02C6	0x1903      	BTFSC      STATUS, 2
0x02C7	0x2AD0      	GOTO       L_Lcd_Out19
;__Lib_Lcd.c,200 :: 		
0x02C8	0x083E      	MOVF       Lcd_Out_i_L0, 0
0x02C9	0x073D      	ADDWF      FARG_Lcd_Out_text, 0
0x02CA	0x0084      	MOVWF      FSR
0x02CB	0x0800      	MOVF       INDF, 0
0x02CC	0x00C4      	MOVWF      FARG_Lcd_Chr_CP_out_char
0x02CD	0x23C9      	CALL       _Lcd_Chr_CP
0x02CE	0x0ABE      	INCF       Lcd_Out_i_L0, 1
0x02CF	0x2AC2      	GOTO       L_Lcd_Out18
L_Lcd_Out19:
;__Lib_Lcd.c,201 :: 		
0x02D0	0x1434      	BSF        __Lib_Lcd_cmd_status, BitPos(__Lib_Lcd_cmd_status+0)
;__Lib_Lcd.c,202 :: 		
L_end_Lcd_Out:
0x02D1	0x0008      	RETURN
; end of _Lcd_Out
_NRM3232:
;__Lib_MathDouble.c,167 :: 		
;__Lib_MathDouble.c,173 :: 		
;__Lib_MathDouble.c,175 :: 		
0x02D2	0x01A0      	CLRF       __math_tempbD
;__Lib_MathDouble.c,176 :: 		
0x02D3	0x0852      	MOVF       R2, 0
;__Lib_MathDouble.c,177 :: 		
0x02D4	0x1D03      	BTFSS      STATUS, 2
;__Lib_MathDouble.c,178 :: 		
0x02D5	0x2AE7      	GOTO       NORM3232
;__Lib_MathDouble.c,179 :: 		
0x02D6	0x0851      	MOVF       R1, 0
;__Lib_MathDouble.c,180 :: 		
0x02D7	0x00D2      	MOVWF      R2
;__Lib_MathDouble.c,181 :: 		
0x02D8	0x0850      	MOVF       R0, 0
;__Lib_MathDouble.c,182 :: 		
0x02D9	0x00D1      	MOVWF      R1
;__Lib_MathDouble.c,183 :: 		
0x02DA	0x01D0      	CLRF       R0
;__Lib_MathDouble.c,184 :: 		
0x02DB	0x15A0      	BSF        __math_tempbD, 3
;__Lib_MathDouble.c,186 :: 		
0x02DC	0x0852      	MOVF       R2, 0
;__Lib_MathDouble.c,187 :: 		
0x02DD	0x1D03      	BTFSS      STATUS, 2
;__Lib_MathDouble.c,188 :: 		
0x02DE	0x2AE7      	GOTO       NORM3232
;__Lib_MathDouble.c,189 :: 		
0x02DF	0x0851      	MOVF       R1, 0
;__Lib_MathDouble.c,190 :: 		
0x02E0	0x00D2      	MOVWF      R2
;__Lib_MathDouble.c,191 :: 		
0x02E1	0x01D1      	CLRF       R1
;__Lib_MathDouble.c,192 :: 		
0x02E2	0x11A0      	BCF        __math_tempbD, 3
;__Lib_MathDouble.c,193 :: 		
0x02E3	0x1620      	BSF        __math_tempbD, 4
;__Lib_MathDouble.c,195 :: 		
0x02E4	0x0852      	MOVF       R2, 0
;__Lib_MathDouble.c,196 :: 		
0x02E5	0x1903      	BTFSC      STATUS, 2
;__Lib_MathDouble.c,197 :: 		
0x02E6	0x2AF5      	GOTO       JPNRES032
;__Lib_MathDouble.c,198 :: 		
NORM3232:
;__Lib_MathDouble.c,199 :: 		
0x02E7	0x0820      	MOVF       __math_tempbD, 0
;__Lib_MathDouble.c,200 :: 		
0x02E8	0x02D3      	SUBWF      R3, 1
;__Lib_MathDouble.c,201 :: 		
0x02E9	0x1D03      	BTFSS      STATUS, 2
;__Lib_MathDouble.c,202 :: 		
0x02EA	0x1C03      	BTFSS      STATUS, 0
;__Lib_MathDouble.c,203 :: 		
0x02EB	0x2AF9      	GOTO       JPNSETFUN32
;__Lib_MathDouble.c,204 :: 		
0x02EC	0x1003      	BCF        STATUS, 0
;__Lib_MathDouble.c,205 :: 		
NORM3232A:
;__Lib_MathDouble.c,206 :: 		
0x02ED	0x1BD2      	BTFSC      R2, 7
;__Lib_MathDouble.c,207 :: 		
0x02EE	0x2AFD      	GOTO       JMPNFIXSIGN32
;__Lib_MathDouble.c,208 :: 		
0x02EF	0x0DD0      	RLF        R0, 1
;__Lib_MathDouble.c,209 :: 		
0x02F0	0x0DD1      	RLF        R1, 1
;__Lib_MathDouble.c,210 :: 		
0x02F1	0x0DD2      	RLF        R2, 1
;__Lib_MathDouble.c,211 :: 		
0x02F2	0x0BD3      	DECFSZ     R3, 1
;__Lib_MathDouble.c,212 :: 		
0x02F3	0x2AED      	GOTO       NORM3232A
;__Lib_MathDouble.c,213 :: 		
0x02F4	0x2AF9      	GOTO       JPNSETFUN32
;__Lib_MathDouble.c,214 :: 		
JPNRES032:
;__Lib_MathDouble.c,215 :: 		
0x02F5	0x3001      	MOVLW      1
;__Lib_MathDouble.c,216 :: 		
0x02F6	0x00DC      	MOVWF      R12
;__Lib_MathDouble.c,218 :: 		
0x02F7	0x23D0      	CALL       _RES032
;__Lib_MathDouble.c,220 :: 		
0x02F8	0x2B00      	GOTO       NORM32EEE
;__Lib_MathDouble.c,221 :: 		
JPNSETFUN32:
;__Lib_MathDouble.c,222 :: 		
0x02F9	0x3002      	MOVLW      2
;__Lib_MathDouble.c,223 :: 		
0x02FA	0x00DC      	MOVWF      R12
;__Lib_MathDouble.c,225 :: 		
0x02FB	0x2384      	CALL       _SETFUN32
;__Lib_MathDouble.c,227 :: 		
0x02FC	0x2B00      	GOTO       NORM32EEE
;__Lib_MathDouble.c,228 :: 		
JMPNFIXSIGN32:
;__Lib_MathDouble.c,229 :: 		
0x02FD	0x3004      	MOVLW      4
;__Lib_MathDouble.c,230 :: 		
0x02FE	0x00DC      	MOVWF      R12
;__Lib_MathDouble.c,232 :: 		
0x02FF	0x23E3      	CALL       _FIXSIGN32
;__Lib_MathDouble.c,234 :: 		
NORM32EEE:
;__Lib_MathDouble.c,236 :: 		
L_end_NRM3232:
0x0300	0x0008      	RETURN
; end of _NRM3232
_ADC_Read:
;__Lib_ADC_A_B.c,49 :: 		
;__Lib_ADC_A_B.c,51 :: 		
0x0301	0x30C3      	MOVLW      195
0x0302	0x1283      	BCF        STATUS, 5
0x0303	0x059F      	ANDWF      ADCON0, 1
;__Lib_ADC_A_B.c,55 :: 		
0x0304	0x3040      	MOVLW      64
0x0305	0x059F      	ANDWF      ADCON0, 1
;__Lib_ADC_A_B.c,56 :: 		
0x0306	0x30F0      	MOVLW      240
0x0307	0x1683      	BSF        STATUS, 5
0x0308	0x049F      	IORWF      ADCON1, 1
;__Lib_ADC_A_B.c,57 :: 		
0x0309	0x1283      	BCF        STATUS, 5
0x030A	0x179F      	BSF        ADCON0, 7
;__Lib_ADC_A_B.c,58 :: 		
0x030B	0x083B      	MOVF       FARG_ADC_Read_channel, 0
0x030C	0x00D0      	MOVWF      R0
0x030D	0x0DD0      	RLF        R0, 1
0x030E	0x1050      	BCF        R0, 0
0x030F	0x0DD0      	RLF        R0, 1
0x0310	0x1050      	BCF        R0, 0
0x0311	0x0850      	MOVF       R0, 0
0x0312	0x049F      	IORWF      ADCON0, 1
;__Lib_ADC_A_B.c,61 :: 		
0x0313	0x141F      	BSF        ADCON0, 0
;__Lib_ADC_A_B.c,64 :: 		
0x0314	0x23DD      	CALL       _Delay_22us
;__Lib_ADC_A_B.c,67 :: 		
0x0315	0x149F      	BSF        ADCON0, 1
;__Lib_ADC_A_B.c,70 :: 		
L_ADC_Read2:
0x0316	0x1C9F      	BTFSS      ADCON0, 1
0x0317	0x2B1A      	GOTO       L_ADC_Read3
;__Lib_ADC_A_B.c,71 :: 		
0x0318	0x0000      	NOP
0x0319	0x2B16      	GOTO       L_ADC_Read2
L_ADC_Read3:
;__Lib_ADC_A_B.c,74 :: 		
0x031A	0x101F      	BCF        ADCON0, 0
;__Lib_ADC_A_B.c,77 :: 		
0x031B	0x081E      	MOVF       ADRESH, 0
0x031C	0x00D1      	MOVWF      R0+1
0x031D	0x01D0      	CLRF       R0
0x031E	0x1683      	BSF        STATUS, 5
0x031F	0x081E      	MOVF       ADRESL, 0
0x0320	0x04D0      	IORWF      R0, 1
0x0321	0x3000      	MOVLW      0
0x0322	0x04D1      	IORWF      R0+1, 1
;__Lib_ADC_A_B.c,78 :: 		
L_end_ADC_Read:
0x0323	0x0008      	RETURN
; end of _ADC_Read
_int2double:
;__Lib_MathDouble.c,1812 :: 		
;__Lib_MathDouble.c,1818 :: 		
0x0324	0x1283      	BCF        STATUS, 5
;__Lib_MathDouble.c,1819 :: 		
0x0325	0x1303      	BCF        STATUS, 6
;__Lib_MathDouble.c,1820 :: 		
0x0326	0x0850      	MOVF       R0, 0
;__Lib_MathDouble.c,1821 :: 		
0x0327	0x00D8      	MOVWF      R8
;__Lib_MathDouble.c,1822 :: 		
0x0328	0x0851      	MOVF       R1, 0
;__Lib_MathDouble.c,1823 :: 		
0x0329	0x00D0      	MOVWF      R0
;__Lib_MathDouble.c,1824 :: 		
0x032A	0x01D1      	CLRF       R1
;__Lib_MathDouble.c,1825 :: 		
0x032B	0x01D2      	CLRF       R2
;__Lib_MathDouble.c,1826 :: 		
0x032C	0x01D3      	CLRF       R3
;__Lib_MathDouble.c,1829 :: 		
0x032D	0x01DB      	CLRF       R11
;__Lib_MathDouble.c,1830 :: 		
0x032E	0x01DC      	CLRF       R12
;__Lib_MathDouble.c,1832 :: 		
0x032F	0x3096      	MOVLW      150
;__Lib_MathDouble.c,1833 :: 		
0x0330	0x00D3      	MOVWF      R3
;__Lib_MathDouble.c,1834 :: 		
0x0331	0x01DA      	CLRF       R10
;__Lib_MathDouble.c,1835 :: 		
0x0332	0x1FD0      	BTFSS      R0, 7
;__Lib_MathDouble.c,1836 :: 		
0x0333	0x2B3A      	GOTO       FLO1632EEE
;__Lib_MathDouble.c,1838 :: 		
0x0334	0x09D8      	COMF       R8, 1
;__Lib_MathDouble.c,1839 :: 		
0x0335	0x09D0      	COMF       R0, 1
;__Lib_MathDouble.c,1841 :: 		
0x0336	0x0AD8      	INCF       R8, 1
;__Lib_MathDouble.c,1842 :: 		
0x0337	0x1903      	BTFSC      STATUS, 2
;__Lib_MathDouble.c,1843 :: 		
0x0338	0x0AD0      	INCF       R0, 1
;__Lib_MathDouble.c,1845 :: 		
0x0339	0x17DA      	BSF        R10, 7
;__Lib_MathDouble.c,1846 :: 		
FLO1632EEE:
;__Lib_MathDouble.c,1847 :: 		
0x033A	0x0850      	MOVF       R0, 0
;__Lib_MathDouble.c,1848 :: 		
0x033B	0x00D1      	MOVWF      R1
;__Lib_MathDouble.c,1849 :: 		
0x033C	0x0858      	MOVF       R8, 0
;__Lib_MathDouble.c,1850 :: 		
0x033D	0x00D0      	MOVWF      R0
;__Lib_MathDouble.c,1851 :: 		
0x033E	0x01D8      	CLRF       R8
;__Lib_MathDouble.c,1852 :: 		
0x033F	0x01D2      	CLRF       R2
;__Lib_MathDouble.c,1854 :: 		
0x0340	0x22D2      	CALL       _NRM3232
;__Lib_MathDouble.c,1855 :: 		
L_end_int2double:
0x0341	0x0008      	RETURN
; end of _int2double
_Div_16X16_U:
;__Lib_Math.c,215 :: 		
;__Lib_Math.c,222 :: 		
0x0342	0x1283      	BCF        STATUS, 5
;__Lib_Math.c,223 :: 		
0x0343	0x1303      	BCF        STATUS, 6
;__Lib_Math.c,224 :: 		
0x0344	0x01D8      	CLRF       R8
;__Lib_Math.c,225 :: 		
0x0345	0x01D9      	CLRF       R9
;__Lib_Math.c,226 :: 		
0x0346	0x3010      	MOVLW      16
;__Lib_Math.c,227 :: 		
0x0347	0x00DC      	MOVWF      R12
;__Lib_Math.c,228 :: 		
0x0348	0x0D51      	RLF        R1, 0
;__Lib_Math.c,229 :: 		
0x0349	0x0DD8      	RLF        R8, 1
;__Lib_Math.c,230 :: 		
0x034A	0x0DD9      	RLF        R9, 1
;__Lib_Math.c,231 :: 		
0x034B	0x0854      	MOVF       R4, 0
;__Lib_Math.c,232 :: 		
0x034C	0x02D8      	SUBWF      R8, 1
;__Lib_Math.c,233 :: 		
0x034D	0x0855      	MOVF       R5, 0
;__Lib_Math.c,234 :: 		
0x034E	0x1C03      	BTFSS      STATUS, 0
;__Lib_Math.c,235 :: 		
0x034F	0x0F55      	INCFSZ     R5, 0
;__Lib_Math.c,236 :: 		
0x0350	0x02D9      	SUBWF      R9, 1
;__Lib_Math.c,237 :: 		
0x0351	0x1803      	BTFSC      STATUS, 0
;__Lib_Math.c,238 :: 		
0x0352	0x2B5A      	GOTO       $+8
;__Lib_Math.c,239 :: 		
0x0353	0x0854      	MOVF       R4, 0
;__Lib_Math.c,240 :: 		
0x0354	0x07D8      	ADDWF      R8, 1
;__Lib_Math.c,241 :: 		
0x0355	0x0855      	MOVF       R5, 0
;__Lib_Math.c,242 :: 		
0x0356	0x1803      	BTFSC      STATUS, 0
;__Lib_Math.c,243 :: 		
0x0357	0x0F55      	INCFSZ     R5, 0
;__Lib_Math.c,244 :: 		
0x0358	0x07D9      	ADDWF      R9, 1
;__Lib_Math.c,245 :: 		
0x0359	0x1003      	BCF        STATUS, 0
;__Lib_Math.c,246 :: 		
0x035A	0x0DD0      	RLF        R0, 1
;__Lib_Math.c,247 :: 		
0x035B	0x0DD1      	RLF        R1, 1
;__Lib_Math.c,248 :: 		
0x035C	0x0BDC      	DECFSZ     R12, 1
;__Lib_Math.c,249 :: 		
0x035D	0x2B48      	GOTO       $-21
;__Lib_Math.c,251 :: 		
L_end_Div_16X16_U:
0x035E	0x0008      	RETURN
; end of _Div_16X16_U
_main:
0x035F	0x1283      	BCF        STATUS, 5
0x0360	0x01A2      	CLRF       _a
0x0361	0x01A3      	CLRF       35
0x0362	0x01A4      	CLRF       36
0x0363	0x01A5      	CLRF       37
0x0364	0x01A6      	CLRF       38
0x0365	0x01A7      	CLRF       39
0x0366	0x01A8      	CLRF       40
0x0367	0x01A9      	CLRF       _tmp
0x0368	0x01AA      	CLRF       42
0x0369	0x01AB      	CLRF       43
0x036A	0x01AC      	CLRF       44
0x036B	0x01AD      	CLRF       45
0x036C	0x01AE      	CLRF       46
0x036D	0x01AF      	CLRF       47
0x036E	0x01B0      	CLRF       MyProject_kl
0x036F	0x01B1      	CLRF       49
;MyProject.c,100 :: 		void main()
;MyProject.c,102 :: 		prog_init();
0x0370	0x23BB      	CALL       _prog_init
;MyProject.c,103 :: 		InitTimer0();
0x0371	0x23B2      	CALL       _InitTimer0
;MyProject.c,104 :: 		display();
0x0372	0x2171      	CALL       _display
;MyProject.c,105 :: 		while(1)
L_main7:
;MyProject.c,107 :: 		display();
0x0373	0x2171      	CALL       _display
;MyProject.c,108 :: 		protection();
0x0374	0x23E7      	CALL       _protection
;MyProject.c,109 :: 		}
0x0375	0x2B73      	GOTO       L_main7
;MyProject.c,110 :: 		}
L_end_main:
0x0376	0x2B76      	GOTO       $+0
; end of _main
_SETIOV3224:
;__Lib_MathDouble.c,1000 :: 		
;__Lib_MathDouble.c,1006 :: 		
0x0377	0x145B      	BSF        R11, 0
;__Lib_MathDouble.c,1007 :: 		
0x0378	0x1FDB      	BTFSS      R11, 7
;__Lib_MathDouble.c,1008 :: 		
0x0379	0x2B82      	GOTO       SETIOV3224EEE
;__Lib_MathDouble.c,1010 :: 		
0x037A	0x01D2      	CLRF       R2
;__Lib_MathDouble.c,1011 :: 		
0x037B	0x1FDA      	BTFSS      R10, 7
;__Lib_MathDouble.c,1012 :: 		
0x037C	0x30FF      	MOVLW      255
;__Lib_MathDouble.c,1013 :: 		
0x037D	0x00D2      	MOVWF      R2
;__Lib_MathDouble.c,1014 :: 		
0x037E	0x00D1      	MOVWF      R1
;__Lib_MathDouble.c,1015 :: 		
0x037F	0x00D0      	MOVWF      R0
;__Lib_MathDouble.c,1016 :: 		
0x0380	0x0DDA      	RLF        R10, 1
;__Lib_MathDouble.c,1017 :: 		
0x0381	0x0CD2      	RRF        R2, 1
;__Lib_MathDouble.c,1018 :: 		
SETIOV3224EEE:
;__Lib_MathDouble.c,1019 :: 		
0x0382	0x30FF      	MOVLW      255
;__Lib_MathDouble.c,1021 :: 		
L_end_SETIOV3224:
0x0383	0x0008      	RETURN
; end of _SETIOV3224
_SETFUN32:
;__Lib_MathDouble.c,138 :: 		
;__Lib_MathDouble.c,145 :: 		
0x0384	0x155B      	BSF        R11, 2
;__Lib_MathDouble.c,146 :: 		
0x0385	0x1FDB      	BTFSS      R11, 7
;__Lib_MathDouble.c,147 :: 		
0x0386	0x2B8E      	GOTO       SETFUN32EEE
;__Lib_MathDouble.c,148 :: 		
0x0387	0x3001      	MOVLW      1
;__Lib_MathDouble.c,149 :: 		
0x0388	0x00D3      	MOVWF      R3
;__Lib_MathDouble.c,150 :: 		
0x0389	0x01D2      	CLRF       R2
;__Lib_MathDouble.c,151 :: 		
0x038A	0x01D1      	CLRF       R1
;__Lib_MathDouble.c,152 :: 		
0x038B	0x01D0      	CLRF       R0
;__Lib_MathDouble.c,153 :: 		
0x038C	0x0DDA      	RLF        R10, 1
;__Lib_MathDouble.c,154 :: 		
0x038D	0x0CD2      	RRF        R2, 1
;__Lib_MathDouble.c,155 :: 		
SETFUN32EEE:
;__Lib_MathDouble.c,156 :: 		
0x038E	0x30FF      	MOVLW      255
;__Lib_MathDouble.c,158 :: 		
L_end_SETFUN32:
0x038F	0x0008      	RETURN
; end of _SETFUN32
_SETFOV32:
;__Lib_MathDouble.c,79 :: 		
;__Lib_MathDouble.c,86 :: 		
0x0390	0x14DB      	BSF        R11, 1
;__Lib_MathDouble.c,87 :: 		
0x0391	0x1FDB      	BTFSS      R11, 7
;__Lib_MathDouble.c,88 :: 		
0x0392	0x2B9A      	GOTO       SETFOV32EEE
;__Lib_MathDouble.c,89 :: 		
0x0393	0x30FF      	MOVLW      255
;__Lib_MathDouble.c,90 :: 		
0x0394	0x00D3      	MOVWF      R3
;__Lib_MathDouble.c,91 :: 		
0x0395	0x00D2      	MOVWF      R2
;__Lib_MathDouble.c,92 :: 		
0x0396	0x00D1      	MOVWF      R1
;__Lib_MathDouble.c,93 :: 		
0x0397	0x00D0      	MOVWF      R0
;__Lib_MathDouble.c,94 :: 		
0x0398	0x0DDA      	RLF        R10, 1
;__Lib_MathDouble.c,95 :: 		
0x0399	0x0CD2      	RRF        R2, 1
;__Lib_MathDouble.c,96 :: 		
SETFOV32EEE:
;__Lib_MathDouble.c,97 :: 		
0x039A	0x30FF      	MOVLW      255
;__Lib_MathDouble.c,99 :: 		
L_end_SETFOV32:
0x039B	0x0008      	RETURN
; end of _SETFOV32
_Delay_5500us:
;__Lib_Delays.c,31 :: 		void Delay_5500us() {
;__Lib_Delays.c,32 :: 		Delay_us(5500);
0x039C	0x3008      	MOVLW      8
0x039D	0x1283      	BCF        STATUS, 5
0x039E	0x00DC      	MOVWF      R12
0x039F	0x3023      	MOVLW      35
0x03A0	0x00DD      	MOVWF      R13
L_Delay_5500us5:
0x03A1	0x0BDD      	DECFSZ     R13, 1
0x03A2	0x2BA1      	GOTO       L_Delay_5500us5
0x03A3	0x0BDC      	DECFSZ     R12, 1
0x03A4	0x2BA1      	GOTO       L_Delay_5500us5
;__Lib_Delays.c,33 :: 		}
L_end_Delay_5500us:
0x03A5	0x0008      	RETURN
; end of _Delay_5500us
___CC2DW:
;__Lib_System.c,134 :: 		
;__Lib_System.c,137 :: 		
_CC2D_Loop1:
;__Lib_System.c,139 :: 		
0x03A6	0x23D7      	CALL       _____DoICP
0x03A7	0x118A      	BCF        PCLATH, 3
0x03A8	0x120A      	BCF        PCLATH, 4
;__Lib_System.c,141 :: 		
0x03A9	0x0080      	MOVWF      INDF
;__Lib_System.c,142 :: 		
0x03AA	0x0A84      	INCF       FSR, 1
;__Lib_System.c,143 :: 		
0x03AB	0x0AB7      	INCF       ___DoICPAddr, 1
;__Lib_System.c,145 :: 		
0x03AC	0x1903      	BTFSC      STATUS, 2
;__Lib_System.c,146 :: 		
0x03AD	0x0AB8      	INCF       ___DoICPAddr+1, 1
;__Lib_System.c,147 :: 		
0x03AE	0x03D0      	DECF       R0, 1
;__Lib_System.c,149 :: 		
0x03AF	0x1D03      	BTFSS      STATUS, 2
;__Lib_System.c,150 :: 		
0x03B0	0x2BA6      	GOTO       _CC2D_Loop1
;__Lib_System.c,152 :: 		
L_end___CC2DW:
0x03B1	0x0008      	RETURN
; end of ___CC2DW
_InitTimer0:
;MyProject.c,67 :: 		void InitTimer0(){
;MyProject.c,68 :: 		OPTION_REG	 = 0x88;
0x03B2	0x3088      	MOVLW      136
0x03B3	0x1683      	BSF        STATUS, 5
0x03B4	0x0081      	MOVWF      OPTION_REG
;MyProject.c,69 :: 		TMR0		 = 156;
0x03B5	0x309C      	MOVLW      156
0x03B6	0x1283      	BCF        STATUS, 5
0x03B7	0x0081      	MOVWF      TMR0
;MyProject.c,70 :: 		INTCON	 = 0xA0;
0x03B8	0x30A0      	MOVLW      160
0x03B9	0x008B      	MOVWF      INTCON
;MyProject.c,71 :: 		}
L_end_InitTimer0:
0x03BA	0x0008      	RETURN
; end of _InitTimer0
_prog_init:
;MyProject.c,33 :: 		prog_init()
;MyProject.c,35 :: 		TRISA&=~(1<<4); // setting port 4 as output
0x03BB	0x1683      	BSF        STATUS, 5
0x03BC	0x1205      	BCF        TRISA, 4
;MyProject.c,36 :: 		TRISA&=~(1<<5); // setting port 5 as output
0x03BD	0x1285      	BCF        TRISA, 5
;MyProject.c,37 :: 		ANSEL=0b00000011;
0x03BE	0x3003      	MOVLW      3
0x03BF	0x0091      	MOVWF      ANSEL
;MyProject.c,38 :: 		Lcd_Init();
0x03C0	0x21CA      	CALL       _Lcd_Init
;MyProject.c,41 :: 		}
L_end_prog_init:
0x03C1	0x0008      	RETURN
; end of _prog_init
_Delay_50us:
;__Lib_Delays.c,19 :: 		void Delay_50us() {
;__Lib_Delays.c,20 :: 		Delay_us(50);
0x03C2	0x3010      	MOVLW      16
0x03C3	0x1283      	BCF        STATUS, 5
0x03C4	0x00DD      	MOVWF      R13
L_Delay_50us2:
0x03C5	0x0BDD      	DECFSZ     R13, 1
0x03C6	0x2BC5      	GOTO       L_Delay_50us2
0x03C7	0x0000      	NOP
;__Lib_Delays.c,21 :: 		}
L_end_Delay_50us:
0x03C8	0x0008      	RETURN
; end of _Delay_50us
_Lcd_Chr_CP:
;__Lib_Lcd.c,50 :: 		
;__Lib_Lcd.c,52 :: 		
0x03C9	0x1283      	BCF        STATUS, 5
0x03CA	0x1034      	BCF        __Lib_Lcd_cmd_status, BitPos(__Lib_Lcd_cmd_status+0)
;__Lib_Lcd.c,53 :: 		
0x03CB	0x0844      	MOVF       FARG_Lcd_Chr_CP_out_char, 0
0x03CC	0x00C9      	MOVWF      FARG_Lcd_Cmd_out_char
0x03CD	0x2217      	CALL       _Lcd_Cmd
;__Lib_Lcd.c,54 :: 		
0x03CE	0x1434      	BSF        __Lib_Lcd_cmd_status, BitPos(__Lib_Lcd_cmd_status+0)
;__Lib_Lcd.c,55 :: 		
L_end_Lcd_Chr_CP:
0x03CF	0x0008      	RETURN
; end of _Lcd_Chr_CP
_RES032:
;__Lib_MathDouble.c,123 :: 		
;__Lib_MathDouble.c,128 :: 		
0x03D0	0x01D2      	CLRF       R2
;__Lib_MathDouble.c,129 :: 		
0x03D1	0x01D1      	CLRF       R1
;__Lib_MathDouble.c,130 :: 		
0x03D2	0x01D0      	CLRF       R0
;__Lib_MathDouble.c,131 :: 		
0x03D3	0x01D8      	CLRF       R8
;__Lib_MathDouble.c,132 :: 		
0x03D4	0x01D3      	CLRF       R3
;__Lib_MathDouble.c,133 :: 		
0x03D5	0x3000      	MOVLW      0
;__Lib_MathDouble.c,135 :: 		
L_end_RES032:
0x03D6	0x0008      	RETURN
; end of _RES032
_____DoICP:
;__Lib_System.c,6 :: 		
;__Lib_System.c,9 :: 		
0x03D7	0x1283      	BCF        STATUS, 5
0x03D8	0x0838      	MOVF       ___DoICPAddr+1, 0
0x03D9	0x008A      	MOVWF      PCLATH
;__Lib_System.c,10 :: 		
0x03DA	0x0837      	MOVF       ___DoICPAddr, 0
0x03DB	0x0082      	MOVWF      PCL
;__Lib_System.c,12 :: 		
L_end_____DoICP:
0x03DC	0x0008      	RETURN
; end of _____DoICP
_Delay_22us:
;__Lib_Delays.c,15 :: 		void Delay_22us() {
;__Lib_Delays.c,16 :: 		Delay_us(22);
0x03DD	0x3007      	MOVLW      7
0x03DE	0x1283      	BCF        STATUS, 5
0x03DF	0x00DD      	MOVWF      R13
L_Delay_22us1:
0x03E0	0x0BDD      	DECFSZ     R13, 1
0x03E1	0x2BE0      	GOTO       L_Delay_22us1
;__Lib_Delays.c,17 :: 		}
L_end_Delay_22us:
0x03E2	0x0008      	RETURN
; end of _Delay_22us
_FIXSIGN32:
;__Lib_MathDouble.c,112 :: 		
;__Lib_MathDouble.c,116 :: 		
0x03E3	0x1FDA      	BTFSS      R10, 7
;__Lib_MathDouble.c,117 :: 		
0x03E4	0x13D2      	BCF        R2, 7
;__Lib_MathDouble.c,118 :: 		
0x03E5	0x3000      	MOVLW      0
;__Lib_MathDouble.c,120 :: 		
L_end_FIXSIGN32:
0x03E6	0x0008      	RETURN
; end of _FIXSIGN32
_protection:
;MyProject.c,22 :: 		protection()
;MyProject.c,25 :: 		PORTA^= 1 << 4;
0x03E7	0x3010      	MOVLW      16
0x03E8	0x1283      	BCF        STATUS, 5
0x03E9	0x0685      	XORWF      PORTA, 1
;MyProject.c,31 :: 		}
L_end_protection:
0x03EA	0x0008      	RETURN
; end of _protection
_Delay_1us:
;__Lib_Delays.c,7 :: 		void Delay_1us() {
;__Lib_Delays.c,8 :: 		Delay_us(1);
0x03EB	0x0000      	NOP
;__Lib_Delays.c,9 :: 		}
L_end_Delay_1us:
0x03EC	0x0008      	RETURN
; end of _Delay_1us
Symbol List:
//** Routines locations **
//ADDRESS    SIZE    PROCEDURE
//----------------------------------------------
0x0004      [70]    _Interrupt
0x004A     [105]    _IntToStr
0x00B3      [97]    _Mul_32x32_FP
0x0114      [93]    _double2int
0x0171      [89]    _display
0x01CA      [77]    _Lcd_Init
0x0217      [63]    _Lcd_Cmd
0x0256      [63]    _WordToStr
0x0295      [61]    _Lcd_Out
0x02D2      [47]    _NRM3232
0x0301      [35]    _ADC_Read
0x0324      [30]    _int2double
0x0342      [29]    _Div_16X16_U
0x035F      [24]    _main
0x0377      [13]    _SETIOV3224
0x0384      [12]    _SETFUN32
0x0390      [12]    _SETFOV32
0x039C      [10]    _Delay_5500us
0x03A6      [12]    ___CC2DW
0x03B2       [9]    _InitTimer0
0x03BB       [7]    _prog_init
0x03C2       [7]    _Delay_50us
0x03C9       [7]    _Lcd_Chr_CP
0x03D0       [7]    _RES032
0x03D7       [6]    _____DoICP
0x03DD       [6]    _Delay_22us
0x03E3       [4]    _FIXSIGN32
0x03E7       [4]    _protection
0x03EB       [2]    _Delay_1us
//** Variables locations ** 
//ADDRESS    SIZE    VARIABLE
//----------------------------------------------
0x0000       [1]    INDF
0x0001       [1]    TMR0
0x0002       [1]    PCL
0x0003       [1]    STATUS
0x0004       [1]    FSR
0x0005       [1]    PORTA
0x0007       [0]    LCD_D4
0x0007       [0]    RC4_bit
0x0007       [0]    LCD_D5
0x0007       [0]    LCD_RS
0x0007       [0]    LCD_EN
0x0007       [0]    RC5_bit
0x0007       [0]    LCD_D7
0x0007       [0]    RC1_bit
0x0007       [0]    RC0_bit
0x0007       [0]    RC3_bit
0x0007       [0]    LCD_D6
0x0007       [0]    RC2_bit
0x000A       [1]    PCLATH
0x000B       [0]    TMR0IF_bit
0x000B       [1]    INTCON
0x001E       [1]    ADRESH
0x001F       [1]    ADCON0
0x0020       [1]    __math_tempbD
0x0022       [7]    _a
0x0029       [7]    _tmp
0x0030       [2]    MyProject_kl
0x0032       [2]    _k2
0x0034       [0]    __Lib_Lcd_cmd_status
0x0035       [2]    _i
0x0037       [2]    ___DoICPAddr
0x0039       [1]    ___savePCLATH
0x003A       [1]    ___saveSTATUS
0x003B       [2]    FARG_IntToStr_input
0x003B       [1]    FARG_Lcd_Out_row
0x003B       [1]    FARG_ADC_Read_channel
0x003C       [1]    FARG_Lcd_Out_column
0x003D       [1]    FARG_IntToStr_output
0x003D       [1]    FARG_Lcd_Out_text
0x003E       [2]    IntToStr_i_L0
0x003E       [1]    Lcd_Out_i_L0
0x0040       [2]    IntToStr_negative_L0
0x0042       [2]    IntToStr_inword_L0
0x0044       [1]    FARG_Lcd_Chr_CP_out_char
0x0044       [2]    FARG_WordToStr_input
0x0046       [1]    FARG_WordToStr_output
0x0047       [1]    WordToStr_len_L0
0x0048       [1]    FLOC__WordToStr
0x0049       [1]    FARG_Lcd_Cmd_out_char
0x0050       [1]    R0
0x0051       [1]    R1
0x0052       [1]    R2
0x0053       [1]    R3
0x0054       [1]    R4
0x0055       [1]    R5
0x0056       [1]    R6
0x0057       [1]    R7
0x0058       [1]    R8
0x0059       [1]    R9
0x005A       [1]    R10
0x005B       [1]    R11
0x005C       [1]    R12
0x005D       [1]    R13
0x005E       [1]    R14
0x005F       [1]    R15
0x0081       [1]    OPTION_REG
0x0085       [1]    TRISA
0x0087       [0]    LCD_EN_Direction
0x0087       [0]    LCD_D6_Direction
0x0087       [0]    LCD_D5_Direction
0x0087       [0]    LCD_D4_Direction
0x0087       [0]    LCD_D7_Direction
0x0087       [0]    TRISC3_bit
0x0087       [0]    TRISC4_bit
0x0087       [0]    TRISC5_bit
0x0087       [0]    TRISC2_bit
0x0087       [0]    LCD_RS_Direction
0x0087       [0]    TRISC0_bit
0x0087       [0]    TRISC1_bit
0x0091       [1]    ANSEL
0x009E       [1]    ADRESL
0x009F       [1]    ADCON1
